2023-08-25 15:09:18,742 - ERROR - Cost Of Sold Goods Element not found
2023-08-25 15:09:21,356 - ERROR - Cost Of Sold Goods Element not found
2023-08-25 15:14:38,246 - ERROR - Cost Of Sold Goods Element not found
2023-08-25 15:14:38,796 - ERROR - Cost Of Sold Goods Element not found
2023-08-25 15:14:56,882 - ERROR - Cost Of Sold Goods Element not found
2023-08-25 15:16:11,995 - ERROR - Cost Of Sold Goods Element not found
2023-08-25 15:16:21,923 - ERROR - Cost Of Sold Goods Element not found
2023-08-25 15:21:22,171 - ERROR - Cost Of Sold Goods Element not found
2023-08-25 15:46:58,553 - ERROR - Error in parsing from Parse Detail Method output\telekom Products.csv, EAN: : 'charmap' codec can't encode character '\ufeff' in position 68: character maps to <undefined>
2023-08-25 15:52:15,475 - ERROR - Error in parsing from Parse Method output\telekom Products.csv: dict contains fields not in fieldnames: 'SKU'
2023-08-26 23:07:58,449 - ERROR - Cost Of Sold Goods Element not found
2023-08-26 23:36:04,914 - ERROR - Cost Of Sold Goods Element not found
2023-08-26 23:49:28,086 - ERROR - Cost Of Sold Goods Element not found
2023-08-26 23:50:41,077 - ERROR - Cost Of Sold Goods Element not found
2023-08-26 23:55:28,010 - ERROR - Cost Of Sold Goods Element not found
2023-08-26 23:58:43,424 - ERROR - Cost Of Sold Goods Element not found
2023-08-27 00:02:29,241 - ERROR - Cost Of Sold Goods Element not found
2023-08-27 00:03:42,092 - ERROR - Cost Of Sold Goods Element not found
2023-08-27 00:04:55,129 - ERROR - Cost Of Sold Goods Element not found
2023-08-27 00:06:23,232 - ERROR - Cost Of Sold Goods Element not found
2023-08-27 00:07:36,185 - ERROR - Cost Of Sold Goods Element not found
2023-08-27 00:08:49,192 - ERROR - Cost Of Sold Goods Element not found
2023-08-27 00:10:47,911 - ERROR - Cost Of Sold Goods Element not found
2023-08-27 00:12:00,872 - ERROR - Cost Of Sold Goods Element not found
2023-08-27 00:13:13,807 - ERROR - Cost Of Sold Goods Element not found
2023-08-27 00:17:14,694 - ERROR - Cost Of Sold Goods Element not found
2023-08-27 00:18:58,152 - ERROR - Cost Of Sold Goods Element not found
2023-08-27 00:20:11,124 - ERROR - Cost Of Sold Goods Element not found
2023-08-27 00:21:24,133 - ERROR - Cost Of Sold Goods Element not found
2023-08-27 00:22:36,635 - ERROR - Cost Of Sold Goods Element not found
2023-08-27 14:13:00,870 - ERROR - Cost Of Sold Goods Element not found
2023-08-27 14:23:46,173 - ERROR - Cost Of Sold Goods Element not found
2023-08-27 14:23:56,847 - ERROR - Cost Of Sold Goods Element not found
2023-08-27 14:38:54,730 - ERROR - Error in parsing from Parse Detail Method output\telekom Products.csv, EAN: : 'charmap' codec can't encode character '\ufeff' in position 68: character maps to <undefined>
2023-08-27 14:42:42,829 - ERROR - Error in parsing from Parse Method output\telekom Products.csv: dict contains fields not in fieldnames: 'SKU'
2023-08-29 14:05:41,375 - ERROR - Cost Of Sold Goods Element not found
2023-08-29 14:05:44,428 - ERROR - Cost Of Sold Goods Element not found
2023-08-29 14:23:39,560 - ERROR - Error in parsing from Parse Detail Method output\telekom Products.csv, EAN: : 'charmap' codec can't encode character '\ufeff' in position 68: character maps to <undefined>
2023-08-29 14:28:02,396 - ERROR - Error in parsing from Parse Method output\telekom Products.csv: dict contains fields not in fieldnames: 'SKU'
2023-08-29 22:29:38,555 - ERROR - Drop Down Element not found EAN :'602004144119, - File: output\flaconi Products.csv
2023-08-29 22:29:52,905 - ERROR - Drop Down Element not found EAN :'5034948137868, - File: output\fahrrad Products.csv
2023-08-29 22:30:11,858 - ERROR - Drop Down Element not found EAN :'0038675206564, - File: output\fahrrad Products.csv
2023-08-30 05:53:27,151 - ERROR - Cost Of Sold Goods Element not found
2023-08-30 07:03:50,213 - ERROR - Error in parsing from Parse Detail Method output\fahrrad Products.csv, EAN: '3760290191259: '<=' not supported between instances of 'NoneType' and 'int'
2023-08-30 07:11:07,121 - ERROR - Error in parsing from Parse Detail Method output\fahrrad Products.csv, EAN: '4717480161980: '<=' not supported between instances of 'NoneType' and 'int'
2023-08-31 11:55:08,581 - ERROR - Cost Of Sold Goods Element not found
2023-08-31 11:55:12,231 - ERROR - Cost Of Sold Goods Element not found
2023-08-31 12:14:07,872 - ERROR - Error in parsing from Parse Detail Method output\telekom Products.csv, EAN: : 'charmap' codec can't encode character '\ufeff' in position 68: character maps to <undefined>
2023-08-31 12:18:32,811 - ERROR - Error in parsing from Parse Method output\telekom Products.csv: dict contains fields not in fieldnames: 'SKU'
2023-09-01 04:14:59,328 - ERROR - Error in parsing from Parse Detail Method output\fahrrad Products.csv, EAN: '0821973330365: '<=' not supported between instances of 'NoneType' and 'int'
2023-09-02 11:43:00,637 - ERROR - Cost Of Sold Goods Element not found
2023-09-02 12:00:57,306 - ERROR - Error in parsing from Parse Detail Method output\telekom Products.csv, EAN: : 'charmap' codec can't encode character '\ufeff' in position 68: character maps to <undefined>
2023-09-02 12:05:09,236 - ERROR - Error in parsing from Parse Method output\telekom Products.csv: dict contains fields not in fieldnames: 'SKU'
2023-09-03 03:18:07,309 - ERROR - Cost Of Sold Goods Element not found
2023-09-03 03:19:20,370 - ERROR - Cost Of Sold Goods Element not found
2023-09-03 03:20:48,472 - ERROR - Cost Of Sold Goods Element not found
2023-09-03 03:44:26,985 - ERROR - Cost Of Sold Goods Element not found
2023-09-03 03:45:55,230 - ERROR - Cost Of Sold Goods Element not found
2023-09-03 03:47:08,282 - ERROR - Cost Of Sold Goods Element not found
2023-09-03 03:50:23,561 - ERROR - Cost Of Sold Goods Element not found
2023-09-03 03:51:36,151 - ERROR - Cost Of Sold Goods Element not found
2023-09-03 03:52:49,124 - ERROR - Cost Of Sold Goods Element not found
2023-09-03 04:28:53,123 - ERROR - Cost Of Sold Goods Element not found
2023-09-03 04:30:37,139 - ERROR - Cost Of Sold Goods Element not found
2023-09-03 04:31:49,774 - ERROR - Cost Of Sold Goods Element not found
2023-09-03 04:33:02,274 - ERROR - Cost Of Sold Goods Element not found
2023-09-03 04:34:15,001 - ERROR - Cost Of Sold Goods Element not found
2023-09-03 04:35:58,579 - ERROR - Cost Of Sold Goods Element not found
2023-09-03 04:37:11,613 - ERROR - Cost Of Sold Goods Element not found
2023-09-03 04:38:24,671 - ERROR - Cost Of Sold Goods Element not found
2023-09-03 04:39:52,847 - ERROR - Cost Of Sold Goods Element not found
2023-09-03 04:41:05,431 - ERROR - Cost Of Sold Goods Element not found
2023-09-03 04:42:48,745 - ERROR - Cost Of Sold Goods Element not found
2023-09-04 13:03:53,484 - ERROR - Cost Of Sold Goods Element not found
2023-09-04 13:04:23,821 - ERROR - Cost Of Sold Goods Element not found
2023-09-04 13:22:36,207 - ERROR - Error in parsing from Parse Detail Method output\telekom Products.csv, EAN: : 'charmap' codec can't encode character '\ufeff' in position 68: character maps to <undefined>
2023-09-04 13:26:51,913 - ERROR - Error in parsing from Parse Method output\telekom Products.csv: dict contains fields not in fieldnames: 'SKU'
2023-09-04 13:45:01,242 - ERROR - Cost Of Sold Goods Element not found
2023-09-04 13:45:20,440 - ERROR - Cost Of Sold Goods Element not found
2023-09-04 13:45:33,872 - ERROR - Cost Of Sold Goods Element not found
2023-09-04 13:45:35,779 - ERROR - Cost Of Sold Goods Element not found
2023-09-04 13:47:50,945 - ERROR - Drop Down Element not found EAN :'5902082527848, - File: output\flaconi Products.csv
2023-09-05 03:43:10,113 - ERROR - Cost Of Sold Goods Element not found
2023-09-05 04:13:56,741 - ERROR - Cost Of Sold Goods Element not found
2023-09-06 11:50:29,824 - ERROR - Cost Of Sold Goods Element not found
2023-09-06 11:50:30,932 - ERROR - Cost Of Sold Goods Element not found
2023-09-06 11:50:30,934 - ERROR - Cost Of Sold Goods Element not found
2023-09-06 12:08:32,736 - ERROR - Error in parsing from Parse Detail Method output\telekom Products.csv, EAN: : 'charmap' codec can't encode character '\ufeff' in position 68: character maps to <undefined>
2023-09-06 12:12:56,224 - ERROR - Error in parsing from Parse Method output\telekom Products.csv: dict contains fields not in fieldnames: 'SKU'
2023-09-07 04:28:44,199 - ERROR - Drop Down Element not found EAN :'7290101185246, - File: output\fahrrad Products.csv
2023-09-07 06:11:38,725 - ERROR - Cost Of Sold Goods Element not found
2023-09-07 06:13:06,727 - ERROR - Cost Of Sold Goods Element not found
2023-09-07 06:14:19,637 - ERROR - Cost Of Sold Goods Element not found
2023-09-07 06:15:58,520 - ERROR - Cost Of Sold Goods Element not found
2023-09-07 06:17:40,440 - ERROR - Cost Of Sold Goods Element not found
2023-09-07 06:18:53,309 - ERROR - Cost Of Sold Goods Element not found
2023-09-07 06:22:01,374 - ERROR - Cost Of Sold Goods Element not found
2023-09-07 06:26:50,919 - ERROR - Cost Of Sold Goods Element not found
2023-09-08 11:46:41,114 - ERROR - Cost Of Sold Goods Element not found
2023-09-08 11:46:45,247 - ERROR - Cost Of Sold Goods Element not found
2023-09-08 12:05:49,562 - ERROR - Error in parsing from Parse Detail Method output\telekom Products.csv, EAN: : 'charmap' codec can't encode character '\ufeff' in position 68: character maps to <undefined>
2023-09-08 12:10:18,887 - ERROR - Error in parsing from Parse Method output\telekom Products.csv: dict contains fields not in fieldnames: 'SKU'
2023-09-08 12:12:17,520 - ERROR - Drop Down Element not found EAN :'4030572000968, - File: output\fahrrad_xxl Products.csv
2023-09-09 00:33:28,031 - ERROR - Cost Of Sold Goods Element not found
2023-09-09 00:33:40,011 - ERROR - Cost Of Sold Goods Element not found
2023-09-09 04:05:29,049 - ERROR - Cost Of Sold Goods Element not found
2023-09-10 11:46:50,287 - ERROR - Cost Of Sold Goods Element not found
2023-09-10 11:48:05,154 - ERROR - Cost Of Sold Goods Element not found
2023-09-10 11:48:53,857 - ERROR - Error in parsing from Parse Detail Method output\telekom Products.csv, EAN: : '<=' not supported between instances of 'NoneType' and 'int'
2023-09-10 11:49:23,856 - ERROR - Cost Of Sold Goods Element not found
2023-09-10 11:49:54,952 - ERROR - Error in parsing from Parse Detail Method output\telekom Products.csv, EAN: : '<=' not supported between instances of 'NoneType' and 'int'
2023-09-10 11:50:41,629 - ERROR - Cost Of Sold Goods Element not found
2023-09-10 11:51:59,468 - ERROR - Cost Of Sold Goods Element not found
2023-09-10 11:53:39,580 - ERROR - Cost Of Sold Goods Element not found
2023-09-10 11:54:55,756 - ERROR - Cost Of Sold Goods Element not found
2023-09-10 11:56:16,871 - ERROR - Cost Of Sold Goods Element not found
2023-09-10 11:56:25,606 - ERROR - Cost Of Sold Goods Element not found
2023-09-10 11:58:04,033 - ERROR - Cost Of Sold Goods Element not found
2023-09-10 11:59:40,379 - ERROR - Cost Of Sold Goods Element not found
2023-09-10 12:00:54,345 - ERROR - Cost Of Sold Goods Element not found
2023-09-10 12:01:24,340 - ERROR - Cost Of Sold Goods Element not found
2023-09-10 12:02:09,673 - ERROR - Cost Of Sold Goods Element not found
2023-09-10 12:02:55,285 - ERROR - Cost Of Sold Goods Element not found
2023-09-10 12:03:24,956 - ERROR - Cost Of Sold Goods Element not found
2023-09-10 12:04:21,098 - ERROR - Cost Of Sold Goods Element not found
2023-09-10 12:04:40,012 - ERROR - Cost Of Sold Goods Element not found
2023-09-10 12:04:59,664 - ERROR - Cost Of Sold Goods Element not found
2023-09-10 12:05:23,395 - ERROR - Cost Of Sold Goods Element not found
2023-09-10 12:11:16,132 - ERROR - Error in parsing from Parse Detail Method output\telekom Products.csv, EAN: : 'charmap' codec can't encode character '\ufeff' in position 68: character maps to <undefined>
2023-09-10 12:15:28,195 - ERROR - Error in parsing from Parse Method output\telekom Products.csv: dict contains fields not in fieldnames: 'SKU'
2023-09-10 17:23:36,507 - ERROR - Drop Down Element not found EAN :'8806135244911, - File: output\flaconi Products.csv
2023-09-10 20:14:04,818 - ERROR - Drop Down Element not found EAN :'8434446092299, - File: output\fahrrad Products.csv
