2024-03-18 14:51:50 [scrapy.utils.log] INFO: Scrapy 2.11.0 started (bot: adforum_scraper)
2024-03-18 14:51:50 [scrapy.utils.log] INFO: Versions: lxml 5.1.0.0, libxml2 2.10.3, cssselect 1.2.0, parsel 1.8.1, w3lib 2.1.2, Twisted 22.10.0, Python 3.12.1 (tags/v3.12.1:2305ca5, Dec  7 2023, 22:03:25) [MSC v.1937 64 bit (AMD64)], pyOpenSSL 23.3.0 (OpenSSL 3.1.4 24 Oct 2023), cryptography 41.0.7, Platform Windows-11-10.0.22631-SP0
2024-03-18 14:51:50 [scrapy.addons] INFO: Enabled addons:
[]
2024-03-18 14:51:50 [py.warnings] WARNING: C:\Users\Muhammad Ahmed\AppData\Roaming\Python\Python312\site-packages\scrapy\utils\request.py:254: ScrapyDeprecationWarning: '2.6' is a deprecated value for the 'REQUEST_FINGERPRINTER_IMPLEMENTATION' setting.

It is also the default value. In other words, it is normal to get this warning if you have not defined a value for the 'REQUEST_FINGERPRINTER_IMPLEMENTATION' setting. This is so for backward compatibility reasons, but it will change in a future version of Scrapy.

See the documentation of the 'REQUEST_FINGERPRINTER_IMPLEMENTATION' setting for information on how to handle this deprecation.
  return cls(crawler)

2024-03-18 14:51:50 [scrapy.utils.log] DEBUG: Using reactor: twisted.internet.selectreactor.SelectReactor
2024-03-18 14:51:50 [scrapy.extensions.telnet] INFO: Telnet Password: 3355cefc543649e8
2024-03-18 14:51:50 [scrapy.middleware] INFO: Enabled extensions:
['scrapy.extensions.corestats.CoreStats',
 'scrapy.extensions.telnet.TelnetConsole',
 'scrapy.extensions.feedexport.FeedExporter',
 'scrapy.extensions.logstats.LogStats']
2024-03-18 14:51:50 [scrapy.crawler] INFO: Overridden settings:
{'BOT_NAME': 'adforum_scraper',
 'LOG_FILE': 'logs\\scrapy_20240318145150.log',
 'LOG_LEVEL': 10,
 'NEWSPIDER_MODULE': 'adforum_scraper.spiders',
 'RETRY_HTTP_CODES': [500, 502, 503, 504, 400, 403, 404, 408, 429, 10051],
 'RETRY_TIMES': 5,
 'SPIDER_MODULES': ['adforum_scraper.spiders']}
2024-03-18 14:51:50 [scrapy.middleware] INFO: Enabled downloader middlewares:
['scrapy.downloadermiddlewares.httpauth.HttpAuthMiddleware',
 'scrapy.downloadermiddlewares.downloadtimeout.DownloadTimeoutMiddleware',
 'scrapy.downloadermiddlewares.defaultheaders.DefaultHeadersMiddleware',
 'scrapy.downloadermiddlewares.useragent.UserAgentMiddleware',
 'scrapy.downloadermiddlewares.retry.RetryMiddleware',
 'scrapy.downloadermiddlewares.redirect.MetaRefreshMiddleware',
 'scrapy.downloadermiddlewares.httpcompression.HttpCompressionMiddleware',
 'scrapy.downloadermiddlewares.redirect.RedirectMiddleware',
 'scrapy.downloadermiddlewares.cookies.CookiesMiddleware',
 'scrapy.downloadermiddlewares.httpproxy.HttpProxyMiddleware',
 'scrapy.downloadermiddlewares.stats.DownloaderStats']
2024-03-18 14:51:51 [scrapy.middleware] INFO: Enabled spider middlewares:
['scrapy.spidermiddlewares.httperror.HttpErrorMiddleware',
 'scrapy.spidermiddlewares.offsite.OffsiteMiddleware',
 'scrapy.spidermiddlewares.referer.RefererMiddleware',
 'scrapy.spidermiddlewares.urllength.UrlLengthMiddleware',
 'scrapy.spidermiddlewares.depth.DepthMiddleware']
2024-03-18 14:51:51 [scrapy.middleware] INFO: Enabled item pipelines:
[]
2024-03-18 14:51:51 [scrapy.core.engine] INFO: Spider opened
2024-03-18 14:51:51 [scrapy.extensions.logstats] INFO: Crawled 0 pages (at 0 pages/min), scraped 0 items (at 0 items/min)
2024-03-18 14:51:51 [scrapy.extensions.telnet] INFO: Telnet console listening on 127.0.0.1:6023
2024-03-18 14:51:56 [scrapy.core.engine] DEBUG: Crawled (200) <GET https://www.adforum.com/talent/search> (referer: None)
2024-03-18 14:51:58 [scrapy.core.engine] DEBUG: Crawled (200) <GET https://www.adforum.com/talent/search?worktitle=creative%20director&location=city:New%20York,country:> (referer: https://www.adforum.com/talent/search)
2024-03-18 14:52:01 [scrapy.core.engine] DEBUG: Crawled (200) <GET https://www.adforum.com/find/loadmore?idx=people&l=100&p=12&worktitle=creative%20director&location=city:New%20York,country:&o=_score%7Cdesc&rtpl=people.list.search> (referer: https://www.adforum.com/talent/search?worktitle=creative%20director&location=city:New%20York,country:)
2024-03-18 14:54:18 [scrapy.core.engine] DEBUG: Crawled (200) <GET https://www.adforum.com/find/loadmore?idx=people&l=100&p=7&worktitle=creative%20director&location=city:New%20York,country:&o=_score%7Cdesc&rtpl=people.list.search> (referer: https://www.adforum.com/talent/search?worktitle=creative%20director&location=city:New%20York,country:)
2024-03-18 14:54:18 [scrapy.core.engine] DEBUG: Crawled (200) <GET https://www.adforum.com/find/loadmore?idx=people&l=100&p=10&worktitle=creative%20director&location=city:New%20York,country:&o=_score%7Cdesc&rtpl=people.list.search> (referer: https://www.adforum.com/talent/search?worktitle=creative%20director&location=city:New%20York,country:)
2024-03-18 14:54:18 [scrapy.core.engine] DEBUG: Crawled (200) <GET https://www.adforum.com/find/loadmore?idx=people&l=100&p=9&worktitle=creative%20director&location=city:New%20York,country:&o=_score%7Cdesc&rtpl=people.list.search> (referer: https://www.adforum.com/talent/search?worktitle=creative%20director&location=city:New%20York,country:)
2024-03-18 14:54:18 [scrapy.core.engine] DEBUG: Crawled (200) <GET https://www.adforum.com/find/loadmore?idx=people&l=100&p=6&worktitle=creative%20director&location=city:New%20York,country:&o=_score%7Cdesc&rtpl=people.list.search> (referer: https://www.adforum.com/talent/search?worktitle=creative%20director&location=city:New%20York,country:)
2024-03-18 14:54:18 [scrapy.core.engine] DEBUG: Crawled (200) <GET https://www.adforum.com/find/loadmore?idx=people&l=100&p=1&worktitle=creative%20director&location=city:New%20York,country:&o=_score%7Cdesc&rtpl=people.list.search> (referer: https://www.adforum.com/talent/search?worktitle=creative%20director&location=city:New%20York,country:)
2024-03-18 14:54:18 [scrapy.core.engine] DEBUG: Crawled (200) <GET https://www.adforum.com/find/loadmore?idx=people&l=100&p=13&worktitle=creative%20director&location=city:New%20York,country:&o=_score%7Cdesc&rtpl=people.list.search> (referer: https://www.adforum.com/talent/search?worktitle=creative%20director&location=city:New%20York,country:)
2024-03-18 14:54:18 [scrapy.core.engine] DEBUG: Crawled (200) <GET https://www.adforum.com/find/loadmore?idx=people&l=100&p=11&worktitle=creative%20director&location=city:New%20York,country:&o=_score%7Cdesc&rtpl=people.list.search> (referer: https://www.adforum.com/talent/search?worktitle=creative%20director&location=city:New%20York,country:)
2024-03-18 14:54:18 [scrapy.core.engine] DEBUG: Crawled (200) <GET https://www.adforum.com/find/loadmore?idx=people&l=100&p=8&worktitle=creative%20director&location=city:New%20York,country:&o=_score%7Cdesc&rtpl=people.list.search> (referer: https://www.adforum.com/talent/search?worktitle=creative%20director&location=city:New%20York,country:)
2024-03-18 14:54:18 [scrapy.extensions.logstats] INFO: Crawled 11 pages (at 11 pages/min), scraped 0 items (at 0 items/min)
2024-03-18 14:54:24 [scrapy.core.engine] DEBUG: Crawled (200) <GET https://www.adforum.com/talent/66532-yo-umeda> (referer: https://www.adforum.com/find/loadmore?idx=people&l=100&p=9&worktitle=creative%20director&location=city:New%20York,country:&o=_score%7Cdesc&rtpl=people.list.search)
2024-03-18 14:54:25 [scrapy.core.engine] DEBUG: Crawled (200) <GET https://www.adforum.com/talent/1872-kristin-moore-gantz> (referer: https://www.adforum.com/find/loadmore?idx=people&l=100&p=8&worktitle=creative%20director&location=city:New%20York,country:&o=_score%7Cdesc&rtpl=people.list.search)
2024-03-18 14:54:25 [scrapy.core.engine] DEBUG: Crawled (200) <GET https://www.adforum.com/talent/65426-matt-ferrin> (referer: https://www.adforum.com/find/loadmore?idx=people&l=100&p=9&worktitle=creative%20director&location=city:New%20York,country:&o=_score%7Cdesc&rtpl=people.list.search)
2024-03-18 14:54:25 [scrapy.core.engine] DEBUG: Crawled (200) <GET https://www.adforum.com/talent/68982-dan-zank> (referer: https://www.adforum.com/find/loadmore?idx=people&l=100&p=9&worktitle=creative%20director&location=city:New%20York,country:&o=_score%7Cdesc&rtpl=people.list.search)
2024-03-18 14:54:25 [scrapy.core.engine] DEBUG: Crawled (200) <GET https://www.adforum.com/talent/65116-chuck-pagano> (referer: https://www.adforum.com/find/loadmore?idx=people&l=100&p=9&worktitle=creative%20director&location=city:New%20York,country:&o=_score%7Cdesc&rtpl=people.list.search)
2024-03-18 14:54:26 [scrapy.core.engine] DEBUG: Crawled (200) <GET https://www.adforum.com/find/loadmore?idx=people&l=100&p=14&worktitle=creative%20director&location=city:New%20York,country:&o=_score%7Cdesc&rtpl=people.list.search> (referer: https://www.adforum.com/talent/search?worktitle=creative%20director&location=city:New%20York,country:)
2024-03-18 14:54:26 [scrapy.core.engine] DEBUG: Crawled (200) <GET https://www.adforum.com/find/loadmore?idx=people&l=100&p=15&worktitle=creative%20director&location=city:New%20York,country:&o=_score%7Cdesc&rtpl=people.list.search> (referer: https://www.adforum.com/talent/search?worktitle=creative%20director&location=city:New%20York,country:)
2024-03-18 14:54:26 [scrapy.core.engine] DEBUG: Crawled (200) <GET https://www.adforum.com/find/loadmore?idx=people&l=100&p=4&worktitle=creative%20director&location=city:New%20York,country:&o=_score%7Cdesc&rtpl=people.list.search> (referer: https://www.adforum.com/talent/search?worktitle=creative%20director&location=city:New%20York,country:)
2024-03-18 14:54:26 [scrapy.core.engine] DEBUG: Crawled (200) <GET https://www.adforum.com/find/loadmore?idx=people&l=100&p=2&worktitle=creative%20director&location=city:New%20York,country:&o=_score%7Cdesc&rtpl=people.list.search> (referer: https://www.adforum.com/talent/search?worktitle=creative%20director&location=city:New%20York,country:)
2024-03-18 14:54:26 [scrapy.core.engine] DEBUG: Crawled (200) <GET https://www.adforum.com/talent/68189-brian-cain> (referer: https://www.adforum.com/find/loadmore?idx=people&l=100&p=9&worktitle=creative%20director&location=city:New%20York,country:&o=_score%7Cdesc&rtpl=people.list.search)
2024-03-18 14:54:27 [scrapy.core.engine] DEBUG: Crawled (200) <GET https://www.adforum.com/talent/81853561-arturo-diaz> (referer: https://www.adforum.com/find/loadmore?idx=people&l=100&p=11&worktitle=creative%20director&location=city:New%20York,country:&o=_score%7Cdesc&rtpl=people.list.search)
2024-03-18 14:54:27 [scrapy.core.engine] DEBUG: Crawled (200) <GET https://www.adforum.com/talent/488-steve-st-clair> (referer: https://www.adforum.com/find/loadmore?idx=people&l=100&p=11&worktitle=creative%20director&location=city:New%20York,country:&o=_score%7Cdesc&rtpl=people.list.search)
2024-03-18 14:54:27 [scrapy.core.engine] DEBUG: Crawled (200) <GET https://www.adforum.com/talent/81800622-adam-gloo> (referer: https://www.adforum.com/find/loadmore?idx=people&l=100&p=1&worktitle=creative%20director&location=city:New%20York,country:&o=_score%7Cdesc&rtpl=people.list.search)
2024-03-18 14:54:27 [scrapy.core.engine] DEBUG: Crawled (200) <GET https://www.adforum.com/talent/166-garry-mckinley> (referer: https://www.adforum.com/find/loadmore?idx=people&l=100&p=11&worktitle=creative%20director&location=city:New%20York,country:&o=_score%7Cdesc&rtpl=people.list.search)
2024-03-18 14:54:27 [scrapy.core.engine] DEBUG: Crawled (200) <GET https://www.adforum.com/talent/81855699-andy-baron> (referer: https://www.adforum.com/find/loadmore?idx=people&l=100&p=11&worktitle=creative%20director&location=city:New%20York,country:&o=_score%7Cdesc&rtpl=people.list.search)
2024-03-18 14:54:27 [scrapy.core.engine] DEBUG: Crawled (200) <GET https://www.adforum.com/talent/81793567-javier-manzanera> (referer: https://www.adforum.com/find/loadmore?idx=people&l=100&p=1&worktitle=creative%20director&location=city:New%20York,country:&o=_score%7Cdesc&rtpl=people.list.search)
2024-03-18 14:54:28 [scrapy.core.engine] DEBUG: Crawled (200) <GET https://www.adforum.com/find/loadmore?idx=people&l=100&p=3&worktitle=creative%20director&location=city:New%20York,country:&o=_score%7Cdesc&rtpl=people.list.search> (referer: https://www.adforum.com/talent/search?worktitle=creative%20director&location=city:New%20York,country:)
2024-03-18 14:54:28 [scrapy.core.engine] DEBUG: Crawled (200) <GET https://www.adforum.com/talent/61367-susan-golkin> (referer: https://www.adforum.com/find/loadmore?idx=people&l=100&p=1&worktitle=creative%20director&location=city:New%20York,country:&o=_score%7Cdesc&rtpl=people.list.search)
2024-03-18 14:54:28 [scrapy.core.engine] DEBUG: Crawled (200) <GET https://www.adforum.com/talent/48515-ken-segakk> (referer: https://www.adforum.com/find/loadmore?idx=people&l=100&p=6&worktitle=creative%20director&location=city:New%20York,country:&o=_score%7Cdesc&rtpl=people.list.search)
2024-03-18 14:54:29 [scrapy.core.engine] DEBUG: Crawled (200) <GET https://www.adforum.com/talent/81786981-matthew-edwards> (referer: https://www.adforum.com/find/loadmore?idx=people&l=100&p=1&worktitle=creative%20director&location=city:New%20York,country:&o=_score%7Cdesc&rtpl=people.list.search)
2024-03-18 14:54:29 [scrapy.core.engine] DEBUG: Crawled (200) <GET https://www.adforum.com/talent/81767347-seth-jacobs> (referer: https://www.adforum.com/find/loadmore?idx=people&l=100&p=1&worktitle=creative%20director&location=city:New%20York,country:&o=_score%7Cdesc&rtpl=people.list.search)
2024-03-18 14:54:30 [scrapy.core.engine] DEBUG: Crawled (200) <GET https://www.adforum.com/talent/55457-regan-honda> (referer: https://www.adforum.com/find/loadmore?idx=people&l=100&p=6&worktitle=creative%20director&location=city:New%20York,country:&o=_score%7Cdesc&rtpl=people.list.search)
2024-03-18 14:54:30 [scrapy.core.engine] DEBUG: Crawled (200) <GET https://www.adforum.com/talent/66643-ezequiel-soules> (referer: https://www.adforum.com/find/loadmore?idx=people&l=100&p=4&worktitle=creative%20director&location=city:New%20York,country:&o=_score%7Cdesc&rtpl=people.list.search)
2024-03-18 14:54:31 [scrapy.core.engine] DEBUG: Crawled (200) <GET https://www.adforum.com/talent/63663-anthony-marusic> (referer: https://www.adforum.com/find/loadmore?idx=people&l=100&p=4&worktitle=creative%20director&location=city:New%20York,country:&o=_score%7Cdesc&rtpl=people.list.search)
2024-03-18 14:54:31 [scrapy.core.engine] DEBUG: Crawled (200) <GET https://www.adforum.com/talent/81856329-megan-fullagar> (referer: https://www.adforum.com/find/loadmore?idx=people&l=100&p=4&worktitle=creative%20director&location=city:New%20York,country:&o=_score%7Cdesc&rtpl=people.list.search)
2024-03-18 14:54:31 [scrapy.core.engine] DEBUG: Crawled (200) <GET https://www.adforum.com/talent/81838996-gavin-wellsman> (referer: https://www.adforum.com/find/loadmore?idx=people&l=100&p=1&worktitle=creative%20director&location=city:New%20York,country:&o=_score%7Cdesc&rtpl=people.list.search)
2024-03-18 14:54:32 [scrapy.core.engine] DEBUG: Crawled (200) <GET https://www.adforum.com/talent/20517-carlos-figueiredo> (referer: https://www.adforum.com/find/loadmore?idx=people&l=100&p=4&worktitle=creative%20director&location=city:New%20York,country:&o=_score%7Cdesc&rtpl=people.list.search)
2024-03-18 14:54:33 [scrapy.core.engine] DEBUG: Crawled (200) <GET https://www.adforum.com/talent/81807164-jeffrey-dates> (referer: https://www.adforum.com/find/loadmore?idx=people&l=100&p=4&worktitle=creative%20director&location=city:New%20York,country:&o=_score%7Cdesc&rtpl=people.list.search)
2024-03-18 14:54:33 [scrapy.core.engine] DEBUG: Crawled (200) <GET https://www.adforum.com/find/loadmore?idx=people&l=100&p=5&worktitle=creative%20director&location=city:New%20York,country:&o=_score%7Cdesc&rtpl=people.list.search> (referer: https://www.adforum.com/talent/search?worktitle=creative%20director&location=city:New%20York,country:)
2024-03-18 14:54:33 [scrapy.core.engine] DEBUG: Crawled (200) <GET https://www.adforum.com/talent/2821-rajiv-samvatsar> (referer: https://www.adforum.com/find/loadmore?idx=people&l=100&p=4&worktitle=creative%20director&location=city:New%20York,country:&o=_score%7Cdesc&rtpl=people.list.search)
2024-03-18 14:54:34 [scrapy.core.engine] DEBUG: Crawled (200) <GET https://www.adforum.com/talent/81808426-ramona-todoca> (referer: https://www.adforum.com/find/loadmore?idx=people&l=100&p=3&worktitle=creative%20director&location=city:New%20York,country:&o=_score%7Cdesc&rtpl=people.list.search)
2024-03-18 14:54:34 [scrapy.core.engine] DEBUG: Crawled (200) <GET https://www.adforum.com/talent/81852685-rajeev-basu> (referer: https://www.adforum.com/find/loadmore?idx=people&l=100&p=2&worktitle=creative%20director&location=city:New%20York,country:&o=_score%7Cdesc&rtpl=people.list.search)
2024-03-18 14:54:34 [scrapy.core.engine] DEBUG: Crawled (200) <GET https://www.adforum.com/talent/81808957-jen-stocksmith> (referer: https://www.adforum.com/find/loadmore?idx=people&l=100&p=3&worktitle=creative%20director&location=city:New%20York,country:&o=_score%7Cdesc&rtpl=people.list.search)
2024-03-18 14:54:35 [scrapy.core.engine] DEBUG: Crawled (200) <GET https://www.adforum.com/talent/81856132-james-rogala> (referer: https://www.adforum.com/find/loadmore?idx=people&l=100&p=2&worktitle=creative%20director&location=city:New%20York,country:&o=_score%7Cdesc&rtpl=people.list.search)
2024-03-18 14:54:35 [scrapy.core.engine] DEBUG: Crawled (200) <GET https://www.adforum.com/talent/81806128-brandon-hampton> (referer: https://www.adforum.com/find/loadmore?idx=people&l=100&p=4&worktitle=creative%20director&location=city:New%20York,country:&o=_score%7Cdesc&rtpl=people.list.search)
2024-03-18 14:54:35 [scrapy.core.engine] DEBUG: Crawled (200) <GET https://www.adforum.com/talent/81805066-jolanta-aerts> (referer: https://www.adforum.com/find/loadmore?idx=people&l=100&p=3&worktitle=creative%20director&location=city:New%20York,country:&o=_score%7Cdesc&rtpl=people.list.search)
2024-03-18 14:54:35 [scrapy.core.engine] DEBUG: Crawled (200) <GET https://www.adforum.com/talent/81803971-michael-blaney> (referer: https://www.adforum.com/find/loadmore?idx=people&l=100&p=3&worktitle=creative%20director&location=city:New%20York,country:&o=_score%7Cdesc&rtpl=people.list.search)
2024-03-18 14:54:36 [scrapy.core.engine] DEBUG: Crawled (200) <GET https://www.adforum.com/talent/81774451-ben-bliss> (referer: https://www.adforum.com/find/loadmore?idx=people&l=100&p=3&worktitle=creative%20director&location=city:New%20York,country:&o=_score%7Cdesc&rtpl=people.list.search)
2024-03-18 14:54:36 [scrapy.core.engine] DEBUG: Crawled (200) <GET https://www.adforum.com/talent/81770620-keiji-ando> (referer: https://www.adforum.com/find/loadmore?idx=people&l=100&p=3&worktitle=creative%20director&location=city:New%20York,country:&o=_score%7Cdesc&rtpl=people.list.search)
2024-03-18 14:54:37 [scrapy.core.engine] DEBUG: Crawled (200) <GET https://www.adforum.com/talent/80877002-gene-campanelli> (referer: https://www.adforum.com/find/loadmore?idx=people&l=100&p=3&worktitle=creative%20director&location=city:New%20York,country:&o=_score%7Cdesc&rtpl=people.list.search)
2024-03-18 14:54:37 [scrapy.core.engine] DEBUG: Crawled (200) <GET https://www.adforum.com/talent/81774918-ron-villacarillo> (referer: https://www.adforum.com/find/loadmore?idx=people&l=100&p=3&worktitle=creative%20director&location=city:New%20York,country:&o=_score%7Cdesc&rtpl=people.list.search)
2024-03-18 14:54:38 [scrapy.core.engine] DEBUG: Crawled (200) <GET https://www.adforum.com/talent/81775687-tim-mckee> (referer: https://www.adforum.com/find/loadmore?idx=people&l=100&p=3&worktitle=creative%20director&location=city:New%20York,country:&o=_score%7Cdesc&rtpl=people.list.search)
2024-03-18 14:54:39 [scrapy.core.engine] DEBUG: Crawled (200) <GET https://www.adforum.com/talent/81770846-emmie-nostitz> (referer: https://www.adforum.com/find/loadmore?idx=people&l=100&p=3&worktitle=creative%20director&location=city:New%20York,country:&o=_score%7Cdesc&rtpl=people.list.search)
2024-03-18 14:54:39 [scrapy.core.engine] DEBUG: Crawled (200) <GET https://www.adforum.com/talent/81772099-masataka-kawano> (referer: https://www.adforum.com/find/loadmore?idx=people&l=100&p=3&worktitle=creative%20director&location=city:New%20York,country:&o=_score%7Cdesc&rtpl=people.list.search)
2024-03-18 14:54:39 [scrapy.core.engine] DEBUG: Crawled (200) <GET https://www.adforum.com/talent/81800151-john-downing> (referer: https://www.adforum.com/find/loadmore?idx=people&l=100&p=5&worktitle=creative%20director&location=city:New%20York,country:&o=_score%7Cdesc&rtpl=people.list.search)
2024-03-18 14:54:40 [scrapy.core.engine] DEBUG: Crawled (200) <GET https://www.adforum.com/talent/81773023-todd-rone-parker> (referer: https://www.adforum.com/find/loadmore?idx=people&l=100&p=3&worktitle=creative%20director&location=city:New%20York,country:&o=_score%7Cdesc&rtpl=people.list.search)
2024-03-18 14:54:40 [scrapy.core.engine] DEBUG: Crawled (200) <GET https://www.adforum.com/talent/82261282-laureano-grisotto-leon> (referer: https://www.adforum.com/find/loadmore?idx=people&l=100&p=5&worktitle=creative%20director&location=city:New%20York,country:&o=_score%7Cdesc&rtpl=people.list.search)
2024-03-18 14:54:40 [scrapy.core.engine] DEBUG: Crawled (200) <GET https://www.adforum.com/talent/201-jonathan-rodgers> (referer: https://www.adforum.com/find/loadmore?idx=people&l=100&p=5&worktitle=creative%20director&location=city:New%20York,country:&o=_score%7Cdesc&rtpl=people.list.search)
2024-03-18 14:54:41 [scrapy.core.engine] DEBUG: Crawled (200) <GET https://www.adforum.com/talent/56827-kerry-kennan> (referer: https://www.adforum.com/find/loadmore?idx=people&l=100&p=5&worktitle=creative%20director&location=city:New%20York,country:&o=_score%7Cdesc&rtpl=people.list.search)
2024-03-18 14:54:42 [scrapy.core.engine] DEBUG: Crawled (200) <GET https://www.adforum.com/talent/53176-todd-godwin> (referer: https://www.adforum.com/find/loadmore?idx=people&l=100&p=5&worktitle=creative%20director&location=city:New%20York,country:&o=_score%7Cdesc&rtpl=people.list.search)
2024-03-18 14:54:42 [scrapy.core.engine] DEBUG: Crawled (200) <GET https://www.adforum.com/talent/82329162-chamsseddine-abdelhafidh> (referer: https://www.adforum.com/find/loadmore?idx=people&l=100&p=5&worktitle=creative%20director&location=city:New%20York,country:&o=_score%7Cdesc&rtpl=people.list.search)
2024-03-18 14:54:42 [scrapy.core.engine] DEBUG: Crawled (200) <GET https://www.adforum.com/talent/81791381-jesse-packer> (referer: https://www.adforum.com/find/loadmore?idx=people&l=100&p=5&worktitle=creative%20director&location=city:New%20York,country:&o=_score%7Cdesc&rtpl=people.list.search)
2024-03-18 14:54:43 [scrapy.core.engine] DEBUG: Crawled (200) <GET https://www.adforum.com/talent/82329263-kate-mahan> (referer: https://www.adforum.com/find/loadmore?idx=people&l=100&p=5&worktitle=creative%20director&location=city:New%20York,country:&o=_score%7Cdesc&rtpl=people.list.search)
2024-03-18 14:54:43 [scrapy.core.engine] DEBUG: Crawled (200) <GET https://www.adforum.com/talent/62057-robert-reiser> (referer: https://www.adforum.com/find/loadmore?idx=people&l=100&p=5&worktitle=creative%20director&location=city:New%20York,country:&o=_score%7Cdesc&rtpl=people.list.search)
2024-03-18 14:54:43 [scrapy.core.engine] DEBUG: Crawled (200) <GET https://www.adforum.com/talent/41713499-bruce-jacobson> (referer: https://www.adforum.com/find/loadmore?idx=people&l=100&p=5&worktitle=creative%20director&location=city:New%20York,country:&o=_score%7Cdesc&rtpl=people.list.search)
2024-03-18 14:54:43 [scrapy.core.engine] DEBUG: Crawled (200) <GET https://www.adforum.com/talent/81767717-kate-lummus> (referer: https://www.adforum.com/find/loadmore?idx=people&l=100&p=5&worktitle=creative%20director&location=city:New%20York,country:&o=_score%7Cdesc&rtpl=people.list.search)
2024-03-18 14:54:44 [scrapy.core.engine] DEBUG: Crawled (200) <GET https://www.adforum.com/talent/81884535-marie-ronn> (referer: https://www.adforum.com/find/loadmore?idx=people&l=100&p=5&worktitle=creative%20director&location=city:New%20York,country:&o=_score%7Cdesc&rtpl=people.list.search)
2024-03-18 14:54:44 [scrapy.core.engine] DEBUG: Crawled (200) <GET https://www.adforum.com/talent/41704316-alex-galkin> (referer: https://www.adforum.com/find/loadmore?idx=people&l=100&p=5&worktitle=creative%20director&location=city:New%20York,country:&o=_score%7Cdesc&rtpl=people.list.search)
2024-03-18 14:54:44 [scrapy.core.engine] DEBUG: Crawled (200) <GET https://www.adforum.com/talent/81883323-chris-kitahara> (referer: https://www.adforum.com/find/loadmore?idx=people&l=100&p=5&worktitle=creative%20director&location=city:New%20York,country:&o=_score%7Cdesc&rtpl=people.list.search)
2024-03-18 14:54:45 [scrapy.core.engine] DEBUG: Crawled (200) <GET https://www.adforum.com/talent/41700294-kash-shree> (referer: https://www.adforum.com/find/loadmore?idx=people&l=100&p=5&worktitle=creative%20director&location=city:New%20York,country:&o=_score%7Cdesc&rtpl=people.list.search)
2024-03-18 14:54:45 [scrapy.core.engine] DEBUG: Crawled (200) <GET https://www.adforum.com/talent/41700016-kirk-mosel> (referer: https://www.adforum.com/find/loadmore?idx=people&l=100&p=5&worktitle=creative%20director&location=city:New%20York,country:&o=_score%7Cdesc&rtpl=people.list.search)
2024-03-18 14:54:45 [scrapy.core.engine] DEBUG: Crawled (200) <GET https://www.adforum.com/talent/41699543-michael-spiegel> (referer: https://www.adforum.com/find/loadmore?idx=people&l=100&p=5&worktitle=creative%20director&location=city:New%20York,country:&o=_score%7Cdesc&rtpl=people.list.search)
2024-03-18 14:54:45 [scrapy.core.engine] DEBUG: Crawled (200) <GET https://www.adforum.com/talent/41703553-warren-park> (referer: https://www.adforum.com/find/loadmore?idx=people&l=100&p=5&worktitle=creative%20director&location=city:New%20York,country:&o=_score%7Cdesc&rtpl=people.list.search)
2024-03-18 14:54:45 [scrapy.core.engine] DEBUG: Crawled (200) <GET https://www.adforum.com/talent/81878285-nazanin-rafsanjani> (referer: https://www.adforum.com/find/loadmore?idx=people&l=100&p=5&worktitle=creative%20director&location=city:New%20York,country:&o=_score%7Cdesc&rtpl=people.list.search)
2024-03-18 14:54:47 [scrapy.core.engine] DEBUG: Crawled (200) <GET https://www.adforum.com/talent/41699137-david-chontos> (referer: https://www.adforum.com/find/loadmore?idx=people&l=100&p=5&worktitle=creative%20director&location=city:New%20York,country:&o=_score%7Cdesc&rtpl=people.list.search)
2024-03-18 14:54:47 [scrapy.core.engine] DEBUG: Crawled (200) <GET https://www.adforum.com/talent/41701292-tristan-kincaid> (referer: https://www.adforum.com/find/loadmore?idx=people&l=100&p=5&worktitle=creative%20director&location=city:New%20York,country:&o=_score%7Cdesc&rtpl=people.list.search)
2024-03-18 14:54:47 [scrapy.core.engine] DEBUG: Crawled (200) <GET https://www.adforum.com/talent/41699098-george-ernst> (referer: https://www.adforum.com/find/loadmore?idx=people&l=100&p=5&worktitle=creative%20director&location=city:New%20York,country:&o=_score%7Cdesc&rtpl=people.list.search)
2024-03-18 14:54:47 [scrapy.core.engine] DEBUG: Crawled (200) <GET https://www.adforum.com/talent/41701545-colin-kim> (referer: https://www.adforum.com/find/loadmore?idx=people&l=100&p=5&worktitle=creative%20director&location=city:New%20York,country:&o=_score%7Cdesc&rtpl=people.list.search)
2024-03-18 14:54:48 [scrapy.core.engine] DEBUG: Crawled (200) <GET https://www.adforum.com/talent/41708553-giovanni-bianco> (referer: https://www.adforum.com/find/loadmore?idx=people&l=100&p=5&worktitle=creative%20director&location=city:New%20York,country:&o=_score%7Cdesc&rtpl=people.list.search)
2024-03-18 14:54:48 [scrapy.core.engine] DEBUG: Crawled (200) <GET https://www.adforum.com/talent/41708154-alan-buchanan> (referer: https://www.adforum.com/find/loadmore?idx=people&l=100&p=5&worktitle=creative%20director&location=city:New%20York,country:&o=_score%7Cdesc&rtpl=people.list.search)
2024-03-18 14:54:48 [scrapy.core.engine] DEBUG: Crawled (200) <GET https://www.adforum.com/talent/41706576-joseph-pompeo> (referer: https://www.adforum.com/find/loadmore?idx=people&l=100&p=5&worktitle=creative%20director&location=city:New%20York,country:&o=_score%7Cdesc&rtpl=people.list.search)
2024-03-18 14:54:49 [scrapy.core.engine] DEBUG: Crawled (200) <GET https://www.adforum.com/talent/21868-bruce-arandash> (referer: https://www.adforum.com/find/loadmore?idx=people&l=100&p=5&worktitle=creative%20director&location=city:New%20York,country:&o=_score%7Cdesc&rtpl=people.list.search)
2024-03-18 14:54:49 [scrapy.core.engine] DEBUG: Crawled (200) <GET https://www.adforum.com/talent/22013-lisa-prisco> (referer: https://www.adforum.com/find/loadmore?idx=people&l=100&p=5&worktitle=creative%20director&location=city:New%20York,country:&o=_score%7Cdesc&rtpl=people.list.search)
2024-03-18 14:54:49 [scrapy.core.engine] DEBUG: Crawled (200) <GET https://www.adforum.com/talent/2803-cesar-virina> (referer: https://www.adforum.com/find/loadmore?idx=people&l=100&p=5&worktitle=creative%20director&location=city:New%20York,country:&o=_score%7Cdesc&rtpl=people.list.search)
2024-03-18 14:54:50 [scrapy.core.engine] DEBUG: Crawled (200) <GET https://www.adforum.com/talent/41707815-rafael-segri> (referer: https://www.adforum.com/find/loadmore?idx=people&l=100&p=5&worktitle=creative%20director&location=city:New%20York,country:&o=_score%7Cdesc&rtpl=people.list.search)
2024-03-18 14:54:50 [scrapy.core.engine] DEBUG: Crawled (200) <GET https://www.adforum.com/talent/82214750-katja-haecker> (referer: https://www.adforum.com/find/loadmore?idx=people&l=100&p=5&worktitle=creative%20director&location=city:New%20York,country:&o=_score%7Cdesc&rtpl=people.list.search)
2024-03-18 14:54:50 [scrapy.core.engine] DEBUG: Crawled (200) <GET https://www.adforum.com/talent/21825-chris-landi> (referer: https://www.adforum.com/find/loadmore?idx=people&l=100&p=5&worktitle=creative%20director&location=city:New%20York,country:&o=_score%7Cdesc&rtpl=people.list.search)
2024-03-18 14:54:50 [scrapy.core.engine] DEBUG: Crawled (200) <GET https://www.adforum.com/talent/81842189-dave-skinner> (referer: https://www.adforum.com/find/loadmore?idx=people&l=100&p=5&worktitle=creative%20director&location=city:New%20York,country:&o=_score%7Cdesc&rtpl=people.list.search)
2024-03-18 14:54:50 [scrapy.core.engine] DEBUG: Crawled (200) <GET https://www.adforum.com/talent/81842122-simona-lo> (referer: https://www.adforum.com/find/loadmore?idx=people&l=100&p=5&worktitle=creative%20director&location=city:New%20York,country:&o=_score%7Cdesc&rtpl=people.list.search)
2024-03-18 14:54:50 [scrapy.core.engine] DEBUG: Crawled (200) <GET https://www.adforum.com/talent/23213-scott-rodgers> (referer: https://www.adforum.com/find/loadmore?idx=people&l=100&p=5&worktitle=creative%20director&location=city:New%20York,country:&o=_score%7Cdesc&rtpl=people.list.search)
2024-03-18 14:54:50 [scrapy.core.engine] DEBUG: Crawled (200) <GET https://www.adforum.com/talent/81840683-marney-kerr> (referer: https://www.adforum.com/find/loadmore?idx=people&l=100&p=5&worktitle=creative%20director&location=city:New%20York,country:&o=_score%7Cdesc&rtpl=people.list.search)
2024-03-18 14:54:50 [scrapy.core.engine] DEBUG: Crawled (200) <GET https://www.adforum.com/talent/81840126-zack-holliday> (referer: https://www.adforum.com/find/loadmore?idx=people&l=100&p=5&worktitle=creative%20director&location=city:New%20York,country:&o=_score%7Cdesc&rtpl=people.list.search)
2024-03-18 14:54:51 [scrapy.extensions.logstats] INFO: Crawled 93 pages (at 82 pages/min), scraped 0 items (at 0 items/min)
2024-03-18 14:54:51 [scrapy.core.engine] DEBUG: Crawled (200) <GET https://www.adforum.com/talent/81843106-kristine-salm> (referer: https://www.adforum.com/find/loadmore?idx=people&l=100&p=5&worktitle=creative%20director&location=city:New%20York,country:&o=_score%7Cdesc&rtpl=people.list.search)
2024-03-18 14:54:51 [scrapy.core.engine] DEBUG: Crawled (200) <GET https://www.adforum.com/talent/81847090-jon-rosen> (referer: https://www.adforum.com/find/loadmore?idx=people&l=100&p=5&worktitle=creative%20director&location=city:New%20York,country:&o=_score%7Cdesc&rtpl=people.list.search)
2024-03-18 14:54:51 [scrapy.core.engine] DEBUG: Crawled (200) <GET https://www.adforum.com/talent/26344-miles-west> (referer: https://www.adforum.com/find/loadmore?idx=people&l=100&p=5&worktitle=creative%20director&location=city:New%20York,country:&o=_score%7Cdesc&rtpl=people.list.search)
2024-03-18 14:54:51 [scrapy.core.engine] DEBUG: Crawled (200) <GET https://www.adforum.com/talent/81841732-alyssa-georg> (referer: https://www.adforum.com/find/loadmore?idx=people&l=100&p=5&worktitle=creative%20director&location=city:New%20York,country:&o=_score%7Cdesc&rtpl=people.list.search)
2024-03-18 14:54:51 [scrapy.core.engine] DEBUG: Crawled (200) <GET https://www.adforum.com/talent/81846530-matt-vescovo> (referer: https://www.adforum.com/find/loadmore?idx=people&l=100&p=5&worktitle=creative%20director&location=city:New%20York,country:&o=_score%7Cdesc&rtpl=people.list.search)
2024-03-18 14:54:51 [scrapy.core.engine] DEBUG: Crawled (200) <GET https://www.adforum.com/talent/81849705-stuart-jennings> (referer: https://www.adforum.com/find/loadmore?idx=people&l=100&p=5&worktitle=creative%20director&location=city:New%20York,country:&o=_score%7Cdesc&rtpl=people.list.search)
2024-03-18 14:54:52 [scrapy.core.engine] DEBUG: Crawled (200) <GET https://www.adforum.com/talent/81797961-spencer-lavallee> (referer: https://www.adforum.com/find/loadmore?idx=people&l=100&p=5&worktitle=creative%20director&location=city:New%20York,country:&o=_score%7Cdesc&rtpl=people.list.search)
2024-03-18 14:54:52 [scrapy.core.engine] DEBUG: Crawled (200) <GET https://www.adforum.com/talent/81794328-christian-beckett> (referer: https://www.adforum.com/find/loadmore?idx=people&l=100&p=5&worktitle=creative%20director&location=city:New%20York,country:&o=_score%7Cdesc&rtpl=people.list.search)
2024-03-18 14:54:52 [scrapy.core.engine] DEBUG: Crawled (200) <GET https://www.adforum.com/talent/81794152-aileen-calderon> (referer: https://www.adforum.com/find/loadmore?idx=people&l=100&p=5&worktitle=creative%20director&location=city:New%20York,country:&o=_score%7Cdesc&rtpl=people.list.search)
2024-03-18 14:54:52 [scrapy.core.engine] DEBUG: Crawled (200) <GET https://www.adforum.com/talent/81790890-griffin-creech> (referer: https://www.adforum.com/find/loadmore?idx=people&l=100&p=5&worktitle=creative%20director&location=city:New%20York,country:&o=_score%7Cdesc&rtpl=people.list.search)
2024-03-18 14:54:52 [scrapy.core.engine] DEBUG: Crawled (200) <GET https://www.adforum.com/talent/81791350-jan-jaworski> (referer: https://www.adforum.com/find/loadmore?idx=people&l=100&p=5&worktitle=creative%20director&location=city:New%20York,country:&o=_score%7Cdesc&rtpl=people.list.search)
2024-03-18 14:54:53 [scrapy.core.engine] DEBUG: Crawled (200) <GET https://www.adforum.com/talent/81789881-eduardo-petersen> (referer: https://www.adforum.com/find/loadmore?idx=people&l=100&p=5&worktitle=creative%20director&location=city:New%20York,country:&o=_score%7Cdesc&rtpl=people.list.search)
2024-03-18 14:54:53 [scrapy.core.engine] DEBUG: Crawled (200) <GET https://www.adforum.com/talent/81792757-aste-gutierrez> (referer: https://www.adforum.com/find/loadmore?idx=people&l=100&p=5&worktitle=creative%20director&location=city:New%20York,country:&o=_score%7Cdesc&rtpl=people.list.search)
2024-03-18 14:54:53 [scrapy.core.engine] DEBUG: Crawled (200) <GET https://www.adforum.com/talent/81846883-dave-roth> (referer: https://www.adforum.com/find/loadmore?idx=people&l=100&p=5&worktitle=creative%20director&location=city:New%20York,country:&o=_score%7Cdesc&rtpl=people.list.search)
2024-03-18 14:54:53 [scrapy.core.engine] DEBUG: Crawled (200) <GET https://www.adforum.com/talent/81781813-layne-braunstein> (referer: https://www.adforum.com/find/loadmore?idx=people&l=100&p=5&worktitle=creative%20director&location=city:New%20York,country:&o=_score%7Cdesc&rtpl=people.list.search)
2024-03-18 14:54:53 [scrapy.core.engine] DEBUG: Crawled (200) <GET https://www.adforum.com/talent/81783681-rich-kolopeaua> (referer: https://www.adforum.com/find/loadmore?idx=people&l=100&p=5&worktitle=creative%20director&location=city:New%20York,country:&o=_score%7Cdesc&rtpl=people.list.search)
2024-03-18 14:54:53 [scrapy.core.engine] DEBUG: Crawled (200) <GET https://www.adforum.com/talent/81789393-jeff-dryer> (referer: https://www.adforum.com/find/loadmore?idx=people&l=100&p=5&worktitle=creative%20director&location=city:New%20York,country:&o=_score%7Cdesc&rtpl=people.list.search)
2024-03-18 14:54:54 [scrapy.core.engine] DEBUG: Crawled (200) <GET https://www.adforum.com/talent/26445-bill-fletcher> (referer: https://www.adforum.com/find/loadmore?idx=people&l=100&p=5&worktitle=creative%20director&location=city:New%20York,country:&o=_score%7Cdesc&rtpl=people.list.search)
2024-03-18 14:54:54 [scrapy.core.engine] DEBUG: Crawled (200) <GET https://www.adforum.com/talent/81789057-diego-aguilar> (referer: https://www.adforum.com/find/loadmore?idx=people&l=100&p=5&worktitle=creative%20director&location=city:New%20York,country:&o=_score%7Cdesc&rtpl=people.list.search)
2024-03-18 14:54:54 [scrapy.core.engine] DEBUG: Crawled (200) <GET https://www.adforum.com/talent/81788814-jon-leachman> (referer: https://www.adforum.com/find/loadmore?idx=people&l=100&p=5&worktitle=creative%20director&location=city:New%20York,country:&o=_score%7Cdesc&rtpl=people.list.search)
2024-03-18 14:54:54 [scrapy.core.engine] DEBUG: Crawled (200) <GET https://www.adforum.com/talent/81795636-corel-theuma> (referer: https://www.adforum.com/find/loadmore?idx=people&l=100&p=5&worktitle=creative%20director&location=city:New%20York,country:&o=_score%7Cdesc&rtpl=people.list.search)
2024-03-18 14:54:55 [scrapy.core.engine] DEBUG: Crawled (200) <GET https://www.adforum.com/talent/81774421-ben-krantz> (referer: https://www.adforum.com/find/loadmore?idx=people&l=100&p=5&worktitle=creative%20director&location=city:New%20York,country:&o=_score%7Cdesc&rtpl=people.list.search)
2024-03-18 14:54:55 [scrapy.core.engine] DEBUG: Crawled (200) <GET https://www.adforum.com/talent/81779147-justin-via> (referer: https://www.adforum.com/find/loadmore?idx=people&l=100&p=5&worktitle=creative%20director&location=city:New%20York,country:&o=_score%7Cdesc&rtpl=people.list.search)
2024-03-18 14:54:55 [scrapy.core.engine] DEBUG: Crawled (200) <GET https://www.adforum.com/talent/41713653-natsuko-bosaka> (referer: https://www.adforum.com/find/loadmore?idx=people&l=100&p=5&worktitle=creative%20director&location=city:New%20York,country:&o=_score%7Cdesc&rtpl=people.list.search)
2024-03-18 14:54:56 [scrapy.core.engine] DEBUG: Crawled (200) <GET https://www.adforum.com/talent/41712061-ludovic-marrocco> (referer: https://www.adforum.com/find/loadmore?idx=people&l=100&p=5&worktitle=creative%20director&location=city:New%20York,country:&o=_score%7Cdesc&rtpl=people.list.search)
2024-03-18 14:54:57 [scrapy.core.engine] DEBUG: Crawled (200) <GET https://www.adforum.com/talent/81788244-erik-hogfeldt> (referer: https://www.adforum.com/find/loadmore?idx=people&l=100&p=5&worktitle=creative%20director&location=city:New%20York,country:&o=_score%7Cdesc&rtpl=people.list.search)
2024-03-18 14:54:57 [scrapy.core.engine] DEBUG: Crawled (200) <GET https://www.adforum.com/talent/81778396-damjan-pita> (referer: https://www.adforum.com/find/loadmore?idx=people&l=100&p=5&worktitle=creative%20director&location=city:New%20York,country:&o=_score%7Cdesc&rtpl=people.list.search)
2024-03-18 14:54:57 [scrapy.core.engine] DEBUG: Crawled (200) <GET https://www.adforum.com/talent/81772595-lars-mars-jorgensen> (referer: https://www.adforum.com/find/loadmore?idx=people&l=100&p=5&worktitle=creative%20director&location=city:New%20York,country:&o=_score%7Cdesc&rtpl=people.list.search)
2024-03-18 14:54:57 [scrapy.core.engine] DEBUG: Crawled (200) <GET https://www.adforum.com/talent/81787304-dave-moore> (referer: https://www.adforum.com/find/loadmore?idx=people&l=100&p=5&worktitle=creative%20director&location=city:New%20York,country:&o=_score%7Cdesc&rtpl=people.list.search)
2024-03-18 14:54:58 [scrapy.core.engine] DEBUG: Crawled (200) <GET https://www.adforum.com/talent/81768710-michael-grieco> (referer: https://www.adforum.com/find/loadmore?idx=people&l=100&p=5&worktitle=creative%20director&location=city:New%20York,country:&o=_score%7Cdesc&rtpl=people.list.search)
2024-03-18 14:54:58 [scrapy.core.engine] DEBUG: Crawled (200) <GET https://www.adforum.com/talent/81768486-steve-bear> (referer: https://www.adforum.com/find/loadmore?idx=people&l=100&p=5&worktitle=creative%20director&location=city:New%20York,country:&o=_score%7Cdesc&rtpl=people.list.search)
2024-03-18 14:54:59 [scrapy.core.engine] DEBUG: Crawled (200) <GET https://www.adforum.com/talent/81767469-laura-holmes> (referer: https://www.adforum.com/find/loadmore?idx=people&l=100&p=5&worktitle=creative%20director&location=city:New%20York,country:&o=_score%7Cdesc&rtpl=people.list.search)
2024-03-18 14:54:59 [scrapy.core.engine] DEBUG: Crawled (200) <GET https://www.adforum.com/talent/29944-linda-thibodeau> (referer: https://www.adforum.com/find/loadmore?idx=people&l=100&p=5&worktitle=creative%20director&location=city:New%20York,country:&o=_score%7Cdesc&rtpl=people.list.search)
2024-03-18 14:54:59 [scrapy.core.engine] DEBUG: Crawled (200) <GET https://www.adforum.com/talent/29641-amir-zia> (referer: https://www.adforum.com/find/loadmore?idx=people&l=100&p=5&worktitle=creative%20director&location=city:New%20York,country:&o=_score%7Cdesc&rtpl=people.list.search)
2024-03-18 14:54:59 [scrapy.core.engine] DEBUG: Crawled (200) <GET https://www.adforum.com/talent/39392-jill-danenberg> (referer: https://www.adforum.com/find/loadmore?idx=people&l=100&p=5&worktitle=creative%20director&location=city:New%20York,country:&o=_score%7Cdesc&rtpl=people.list.search)
2024-03-18 14:54:59 [scrapy.core.engine] DEBUG: Crawled (200) <GET https://www.adforum.com/talent/39378-tom-amico> (referer: https://www.adforum.com/find/loadmore?idx=people&l=100&p=5&worktitle=creative%20director&location=city:New%20York,country:&o=_score%7Cdesc&rtpl=people.list.search)
2024-03-18 14:55:00 [scrapy.core.engine] DEBUG: Crawled (200) <GET https://www.adforum.com/talent/81773442-jules-evenson> (referer: https://www.adforum.com/find/loadmore?idx=people&l=100&p=5&worktitle=creative%20director&location=city:New%20York,country:&o=_score%7Cdesc&rtpl=people.list.search)
2024-03-18 14:55:00 [scrapy.core.engine] DEBUG: Crawled (200) <GET https://www.adforum.com/talent/30129-bob-murphy> (referer: https://www.adforum.com/find/loadmore?idx=people&l=100&p=5&worktitle=creative%20director&location=city:New%20York,country:&o=_score%7Cdesc&rtpl=people.list.search)
2024-03-18 14:55:00 [scrapy.core.engine] DEBUG: Crawled (200) <GET https://www.adforum.com/talent/35864-lois-sandberg> (referer: https://www.adforum.com/find/loadmore?idx=people&l=100&p=5&worktitle=creative%20director&location=city:New%20York,country:&o=_score%7Cdesc&rtpl=people.list.search)
2024-03-18 14:55:00 [scrapy.core.engine] DEBUG: Crawled (200) <GET https://www.adforum.com/talent/29110-michael-robertson> (referer: https://www.adforum.com/find/loadmore?idx=people&l=100&p=5&worktitle=creative%20director&location=city:New%20York,country:&o=_score%7Cdesc&rtpl=people.list.search)
2024-03-18 14:55:01 [scrapy.core.engine] DEBUG: Crawled (200) <GET https://www.adforum.com/talent/35845-dan-long> (referer: https://www.adforum.com/find/loadmore?idx=people&l=100&p=5&worktitle=creative%20director&location=city:New%20York,country:&o=_score%7Cdesc&rtpl=people.list.search)
2024-03-18 14:55:01 [scrapy.core.engine] DEBUG: Crawled (200) <GET https://www.adforum.com/talent/81777242-benjamin-bailey> (referer: https://www.adforum.com/find/loadmore?idx=people&l=100&p=5&worktitle=creative%20director&location=city:New%20York,country:&o=_score%7Cdesc&rtpl=people.list.search)
2024-03-18 14:55:01 [scrapy.core.engine] DEBUG: Crawled (200) <GET https://www.adforum.com/talent/30061-cheryl-chapman> (referer: https://www.adforum.com/find/loadmore?idx=people&l=100&p=5&worktitle=creative%20director&location=city:New%20York,country:&o=_score%7Cdesc&rtpl=people.list.search)
2024-03-18 14:55:02 [scrapy.core.engine] DEBUG: Crawled (200) <GET https://www.adforum.com/talent/81813604-robert-rooney> (referer: https://www.adforum.com/find/loadmore?idx=people&l=100&p=5&worktitle=creative%20director&location=city:New%20York,country:&o=_score%7Cdesc&rtpl=people.list.search)
2024-03-18 14:55:03 [scrapy.core.engine] DEBUG: Crawled (200) <GET https://www.adforum.com/talent/81811379-nathan-lennon> (referer: https://www.adforum.com/find/loadmore?idx=people&l=100&p=5&worktitle=creative%20director&location=city:New%20York,country:&o=_score%7Cdesc&rtpl=people.list.search)
2024-03-18 14:55:03 [scrapy.core.engine] DEBUG: Crawled (200) <GET https://www.adforum.com/talent/81815213-jake-dubs> (referer: https://www.adforum.com/find/loadmore?idx=people&l=100&p=5&worktitle=creative%20director&location=city:New%20York,country:&o=_score%7Cdesc&rtpl=people.list.search)
2024-03-18 14:55:03 [scrapy.core.engine] DEBUG: Crawled (200) <GET https://www.adforum.com/talent/81809949-david-fredette> (referer: https://www.adforum.com/find/loadmore?idx=people&l=100&p=5&worktitle=creative%20director&location=city:New%20York,country:&o=_score%7Cdesc&rtpl=people.list.search)
2024-03-18 14:55:04 [scrapy.core.engine] DEBUG: Crawled (200) <GET https://www.adforum.com/talent/81815390-jordan-buntain> (referer: https://www.adforum.com/find/loadmore?idx=people&l=100&p=5&worktitle=creative%20director&location=city:New%20York,country:&o=_score%7Cdesc&rtpl=people.list.search)
2024-03-18 14:55:04 [scrapy.core.engine] DEBUG: Crawled (200) <GET https://www.adforum.com/talent/81821695-ross-fletcher> (referer: https://www.adforum.com/find/loadmore?idx=people&l=100&p=5&worktitle=creative%20director&location=city:New%20York,country:&o=_score%7Cdesc&rtpl=people.list.search)
2024-03-18 14:55:04 [scrapy.core.engine] DEBUG: Crawled (200) <GET https://www.adforum.com/talent/81819640-fernando-mattei> (referer: https://www.adforum.com/find/loadmore?idx=people&l=100&p=5&worktitle=creative%20director&location=city:New%20York,country:&o=_score%7Cdesc&rtpl=people.list.search)
2024-03-18 14:55:05 [scrapy.core.engine] DEBUG: Crawled (200) <GET https://www.adforum.com/talent/44529-tamara-birdsall> (referer: https://www.adforum.com/find/loadmore?idx=people&l=100&p=5&worktitle=creative%20director&location=city:New%20York,country:&o=_score%7Cdesc&rtpl=people.list.search)
2024-03-18 14:55:05 [scrapy.core.engine] DEBUG: Crawled (200) <GET https://www.adforum.com/talent/40926-jen-macfarlane> (referer: https://www.adforum.com/find/loadmore?idx=people&l=100&p=5&worktitle=creative%20director&location=city:New%20York,country:&o=_score%7Cdesc&rtpl=people.list.search)
2024-03-18 14:55:06 [scrapy.core.engine] DEBUG: Crawled (200) <GET https://www.adforum.com/talent/49808-vincent-lacava> (referer: https://www.adforum.com/find/loadmore?idx=people&l=100&p=5&worktitle=creative%20director&location=city:New%20York,country:&o=_score%7Cdesc&rtpl=people.list.search)
2024-03-18 14:55:06 [scrapy.core.engine] DEBUG: Crawled (200) <GET https://www.adforum.com/talent/24761-d-schneider> (referer: https://www.adforum.com/find/loadmore?idx=people&l=100&p=5&worktitle=creative%20director&location=city:New%20York,country:&o=_score%7Cdesc&rtpl=people.list.search)
2024-03-18 14:55:06 [scrapy.core.engine] DEBUG: Crawled (200) <GET https://www.adforum.com/talent/81812430-lp-tremblay> (referer: https://www.adforum.com/find/loadmore?idx=people&l=100&p=5&worktitle=creative%20director&location=city:New%20York,country:&o=_score%7Cdesc&rtpl=people.list.search)
2024-03-18 14:55:07 [scrapy.core.engine] DEBUG: Crawled (200) <GET https://www.adforum.com/talent/41823-john-parker> (referer: https://www.adforum.com/find/loadmore?idx=people&l=100&p=5&worktitle=creative%20director&location=city:New%20York,country:&o=_score%7Cdesc&rtpl=people.list.search)
2024-03-18 14:55:07 [scrapy.core.engine] DEBUG: Crawled (200) <GET https://www.adforum.com/talent/43507-peter-rabot> (referer: https://www.adforum.com/find/loadmore?idx=people&l=100&p=5&worktitle=creative%20director&location=city:New%20York,country:&o=_score%7Cdesc&rtpl=people.list.search)
2024-03-18 14:55:08 [scrapy.core.engine] DEBUG: Crawled (200) <GET https://www.adforum.com/talent/50696-maggie-powers> (referer: https://www.adforum.com/find/loadmore?idx=people&l=100&p=5&worktitle=creative%20director&location=city:New%20York,country:&o=_score%7Cdesc&rtpl=people.list.search)
2024-03-18 14:55:08 [scrapy.core.engine] DEBUG: Crawled (200) <GET https://www.adforum.com/talent/46443-kim-nguyen> (referer: https://www.adforum.com/find/loadmore?idx=people&l=100&p=5&worktitle=creative%20director&location=city:New%20York,country:&o=_score%7Cdesc&rtpl=people.list.search)
2024-03-18 14:55:09 [scrapy.core.engine] DEBUG: Crawled (200) <GET https://www.adforum.com/talent/25839-ryan-wagman> (referer: https://www.adforum.com/find/loadmore?idx=people&l=100&p=5&worktitle=creative%20director&location=city:New%20York,country:&o=_score%7Cdesc&rtpl=people.list.search)
2024-03-18 14:55:09 [scrapy.core.engine] DEBUG: Crawled (200) <GET https://www.adforum.com/talent/82207673-sean-mosher-smith> (referer: https://www.adforum.com/find/loadmore?idx=people&l=100&p=5&worktitle=creative%20director&location=city:New%20York,country:&o=_score%7Cdesc&rtpl=people.list.search)
2024-03-18 14:55:09 [scrapy.core.engine] DEBUG: Crawled (200) <GET https://www.adforum.com/talent/81875161-jeremy-feldman> (referer: https://www.adforum.com/find/loadmore?idx=people&l=100&p=5&worktitle=creative%20director&location=city:New%20York,country:&o=_score%7Cdesc&rtpl=people.list.search)
2024-03-18 14:55:09 [scrapy.core.engine] DEBUG: Crawled (200) <GET https://www.adforum.com/talent/81768618-tj-walthall> (referer: https://www.adforum.com/find/loadmore?idx=people&l=100&p=3&worktitle=creative%20director&location=city:New%20York,country:&o=_score%7Cdesc&rtpl=people.list.search)
2024-03-18 14:55:09 [scrapy.core.engine] DEBUG: Crawled (200) <GET https://www.adforum.com/talent/81779122-jason-hoff> (referer: https://www.adforum.com/find/loadmore?idx=people&l=100&p=3&worktitle=creative%20director&location=city:New%20York,country:&o=_score%7Cdesc&rtpl=people.list.search)
2024-03-18 14:55:10 [scrapy.core.engine] DEBUG: Crawled (200) <GET https://www.adforum.com/talent/81779007-paul-vinod> (referer: https://www.adforum.com/find/loadmore?idx=people&l=100&p=3&worktitle=creative%20director&location=city:New%20York,country:&o=_score%7Cdesc&rtpl=people.list.search)
2024-03-18 14:55:10 [scrapy.core.engine] DEBUG: Crawled (200) <GET https://www.adforum.com/talent/81800372-ryan-howard> (referer: https://www.adforum.com/find/loadmore?idx=people&l=100&p=5&worktitle=creative%20director&location=city:New%20York,country:&o=_score%7Cdesc&rtpl=people.list.search)
2024-03-18 14:55:10 [scrapy.core.engine] DEBUG: Crawled (200) <GET https://www.adforum.com/talent/81839515-glen-levy> (referer: https://www.adforum.com/find/loadmore?idx=people&l=100&p=3&worktitle=creative%20director&location=city:New%20York,country:&o=_score%7Cdesc&rtpl=people.list.search)
2024-03-18 14:55:10 [scrapy.core.engine] DEBUG: Crawled (200) <GET https://www.adforum.com/talent/81838810-andrew-curry> (referer: https://www.adforum.com/find/loadmore?idx=people&l=100&p=3&worktitle=creative%20director&location=city:New%20York,country:&o=_score%7Cdesc&rtpl=people.list.search)
2024-03-18 14:55:10 [scrapy.core.engine] DEBUG: Crawled (200) <GET https://www.adforum.com/talent/81777912-dan-oliva> (referer: https://www.adforum.com/find/loadmore?idx=people&l=100&p=3&worktitle=creative%20director&location=city:New%20York,country:&o=_score%7Cdesc&rtpl=people.list.search)
2024-03-18 14:55:11 [scrapy.core.engine] DEBUG: Crawled (200) <GET https://www.adforum.com/talent/81836321-allison-lackey> (referer: https://www.adforum.com/find/loadmore?idx=people&l=100&p=3&worktitle=creative%20director&location=city:New%20York,country:&o=_score%7Cdesc&rtpl=people.list.search)
2024-03-18 14:55:11 [scrapy.core.engine] DEBUG: Crawled (200) <GET https://www.adforum.com/talent/81838904-becky-porter> (referer: https://www.adforum.com/find/loadmore?idx=people&l=100&p=3&worktitle=creative%20director&location=city:New%20York,country:&o=_score%7Cdesc&rtpl=people.list.search)
2024-03-18 14:55:11 [scrapy.core.engine] DEBUG: Crawled (200) <GET https://www.adforum.com/talent/71312-rodrigo-burdman> (referer: https://www.adforum.com/find/loadmore?idx=people&l=100&p=3&worktitle=creative%20director&location=city:New%20York,country:&o=_score%7Cdesc&rtpl=people.list.search)
2024-03-18 14:55:11 [scrapy.core.engine] DEBUG: Crawled (200) <GET https://www.adforum.com/talent/60992-peter-arnell> (referer: https://www.adforum.com/find/loadmore?idx=people&l=100&p=3&worktitle=creative%20director&location=city:New%20York,country:&o=_score%7Cdesc&rtpl=people.list.search)
2024-03-18 14:55:13 [scrapy.core.engine] DEBUG: Crawled (200) <GET https://www.adforum.com/talent/9120-connie-koch> (referer: https://www.adforum.com/find/loadmore?idx=people&l=100&p=3&worktitle=creative%20director&location=city:New%20York,country:&o=_score%7Cdesc&rtpl=people.list.search)
2024-03-18 14:55:13 [scrapy.core.engine] DEBUG: Crawled (200) <GET https://www.adforum.com/talent/69069-tony-fisher> (referer: https://www.adforum.com/find/loadmore?idx=people&l=100&p=3&worktitle=creative%20director&location=city:New%20York,country:&o=_score%7Cdesc&rtpl=people.list.search)
2024-03-18 14:55:13 [scrapy.core.engine] DEBUG: Crawled (200) <GET https://www.adforum.com/talent/69963-josh-kilmer-purcell> (referer: https://www.adforum.com/find/loadmore?idx=people&l=100&p=3&worktitle=creative%20director&location=city:New%20York,country:&o=_score%7Cdesc&rtpl=people.list.search)
2024-03-18 14:55:13 [scrapy.core.engine] DEBUG: Crawled (200) <GET https://www.adforum.com/talent/67493-barabara-boyle> (referer: https://www.adforum.com/find/loadmore?idx=people&l=100&p=3&worktitle=creative%20director&location=city:New%20York,country:&o=_score%7Cdesc&rtpl=people.list.search)
2024-03-18 14:55:13 [scrapy.core.engine] DEBUG: Crawled (200) <GET https://www.adforum.com/talent/67828-josh-greenspan> (referer: https://www.adforum.com/find/loadmore?idx=people&l=100&p=3&worktitle=creative%20director&location=city:New%20York,country:&o=_score%7Cdesc&rtpl=people.list.search)
2024-03-18 14:55:14 [scrapy.core.engine] DEBUG: Crawled (200) <GET https://www.adforum.com/talent/3677-kenny-evans> (referer: https://www.adforum.com/find/loadmore?idx=people&l=100&p=3&worktitle=creative%20director&location=city:New%20York,country:&o=_score%7Cdesc&rtpl=people.list.search)
2024-03-18 14:55:14 [scrapy.core.engine] DEBUG: Crawled (200) <GET https://www.adforum.com/talent/64780-shawn-thomson> (referer: https://www.adforum.com/find/loadmore?idx=people&l=100&p=3&worktitle=creative%20director&location=city:New%20York,country:&o=_score%7Cdesc&rtpl=people.list.search)
2024-03-18 14:55:14 [scrapy.core.engine] DEBUG: Crawled (200) <GET https://www.adforum.com/talent/3641-laura-stamm-boyd> (referer: https://www.adforum.com/find/loadmore?idx=people&l=100&p=3&worktitle=creative%20director&location=city:New%20York,country:&o=_score%7Cdesc&rtpl=people.list.search)
2024-03-18 14:55:15 [scrapy.core.engine] DEBUG: Crawled (200) <GET https://www.adforum.com/talent/81824612-gabriel-eid> (referer: https://www.adforum.com/find/loadmore?idx=people&l=100&p=3&worktitle=creative%20director&location=city:New%20York,country:&o=_score%7Cdesc&rtpl=people.list.search)
2024-03-18 14:55:15 [scrapy.core.engine] DEBUG: Crawled (200) <GET https://www.adforum.com/talent/81826149-devin-heatley> (referer: https://www.adforum.com/find/loadmore?idx=people&l=100&p=3&worktitle=creative%20director&location=city:New%20York,country:&o=_score%7Cdesc&rtpl=people.list.search)
2024-03-18 14:55:16 [scrapy.core.engine] DEBUG: Crawled (200) <GET https://www.adforum.com/talent/81817441-hunter-eshelman> (referer: https://www.adforum.com/find/loadmore?idx=people&l=100&p=3&worktitle=creative%20director&location=city:New%20York,country:&o=_score%7Cdesc&rtpl=people.list.search)
2024-03-18 14:55:16 [scrapy.core.engine] DEBUG: Crawled (200) <GET https://www.adforum.com/talent/81817268-andrew-zolty> (referer: https://www.adforum.com/find/loadmore?idx=people&l=100&p=3&worktitle=creative%20director&location=city:New%20York,country:&o=_score%7Cdesc&rtpl=people.list.search)
2024-03-18 14:55:16 [scrapy.core.engine] DEBUG: Crawled (200) <GET https://www.adforum.com/talent/81824648-carlos-naude> (referer: https://www.adforum.com/find/loadmore?idx=people&l=100&p=3&worktitle=creative%20director&location=city:New%20York,country:&o=_score%7Cdesc&rtpl=people.list.search)
2024-03-18 14:55:16 [scrapy.core.engine] DEBUG: Crawled (200) <GET https://www.adforum.com/talent/81822851-kate-foley> (referer: https://www.adforum.com/find/loadmore?idx=people&l=100&p=3&worktitle=creative%20director&location=city:New%20York,country:&o=_score%7Cdesc&rtpl=people.list.search)
2024-03-18 14:55:16 [scrapy.core.engine] DEBUG: Crawled (200) <GET https://www.adforum.com/talent/50006-andy-carrigan> (referer: https://www.adforum.com/find/loadmore?idx=people&l=100&p=3&worktitle=creative%20director&location=city:New%20York,country:&o=_score%7Cdesc&rtpl=people.list.search)
2024-03-18 14:55:16 [scrapy.core.engine] DEBUG: Crawled (200) <GET https://www.adforum.com/talent/81823753-dan-shapiro> (referer: https://www.adforum.com/find/loadmore?idx=people&l=100&p=3&worktitle=creative%20director&location=city:New%20York,country:&o=_score%7Cdesc&rtpl=people.list.search)
2024-03-18 14:55:17 [scrapy.core.engine] DEBUG: Crawled (200) <GET https://www.adforum.com/talent/51186-matthew-mcconaughey> (referer: https://www.adforum.com/find/loadmore?idx=people&l=100&p=3&worktitle=creative%20director&location=city:New%20York,country:&o=_score%7Cdesc&rtpl=people.list.search)
2024-03-18 14:55:17 [scrapy.core.engine] DEBUG: Crawled (200) <GET https://www.adforum.com/talent/57627-carlos-ferreyros> (referer: https://www.adforum.com/find/loadmore?idx=people&l=100&p=3&worktitle=creative%20director&location=city:New%20York,country:&o=_score%7Cdesc&rtpl=people.list.search)
2024-03-18 14:55:17 [scrapy.core.engine] DEBUG: Crawled (200) <GET https://www.adforum.com/talent/57312-bob-sullivan> (referer: https://www.adforum.com/find/loadmore?idx=people&l=100&p=3&worktitle=creative%20director&location=city:New%20York,country:&o=_score%7Cdesc&rtpl=people.list.search)
2024-03-18 14:55:17 [scrapy.core.engine] DEBUG: Crawled (200) <GET https://www.adforum.com/talent/55549-huan-nghiem> (referer: https://www.adforum.com/find/loadmore?idx=people&l=100&p=3&worktitle=creative%20director&location=city:New%20York,country:&o=_score%7Cdesc&rtpl=people.list.search)
2024-03-18 14:55:17 [scrapy.core.engine] DEBUG: Crawled (200) <GET https://www.adforum.com/talent/51852-sean-couzens> (referer: https://www.adforum.com/find/loadmore?idx=people&l=100&p=3&worktitle=creative%20director&location=city:New%20York,country:&o=_score%7Cdesc&rtpl=people.list.search)
2024-03-18 14:55:18 [scrapy.core.engine] DEBUG: Crawled (200) <GET https://www.adforum.com/talent/53214-douglas-toews> (referer: https://www.adforum.com/find/loadmore?idx=people&l=100&p=3&worktitle=creative%20director&location=city:New%20York,country:&o=_score%7Cdesc&rtpl=people.list.search)
2024-03-18 14:55:18 [scrapy.core.engine] DEBUG: Crawled (200) <GET https://www.adforum.com/talent/54281-iti-sakharet> (referer: https://www.adforum.com/find/loadmore?idx=people&l=100&p=3&worktitle=creative%20director&location=city:New%20York,country:&o=_score%7Cdesc&rtpl=people.list.search)
2024-03-18 14:55:18 [scrapy.core.engine] DEBUG: Crawled (200) <GET https://www.adforum.com/talent/398-peter-gibb> (referer: https://www.adforum.com/find/loadmore?idx=people&l=100&p=3&worktitle=creative%20director&location=city:New%20York,country:&o=_score%7Cdesc&rtpl=people.list.search)
2024-03-18 14:55:18 [scrapy.core.engine] DEBUG: Crawled (200) <GET https://www.adforum.com/talent/81819276-david-shore> (referer: https://www.adforum.com/find/loadmore?idx=people&l=100&p=3&worktitle=creative%20director&location=city:New%20York,country:&o=_score%7Cdesc&rtpl=people.list.search)
2024-03-18 14:55:18 [scrapy.core.engine] DEBUG: Crawled (200) <GET https://www.adforum.com/talent/81794327-jon-vall> (referer: https://www.adforum.com/find/loadmore?idx=people&l=100&p=3&worktitle=creative%20director&location=city:New%20York,country:&o=_score%7Cdesc&rtpl=people.list.search)
2024-03-18 14:55:18 [scrapy.core.engine] DEBUG: Crawled (200) <GET https://www.adforum.com/talent/81794303-anthoni-mendoza> (referer: https://www.adforum.com/find/loadmore?idx=people&l=100&p=3&worktitle=creative%20director&location=city:New%20York,country:&o=_score%7Cdesc&rtpl=people.list.search)
2024-03-18 14:55:18 [scrapy.core.engine] DEBUG: Crawled (200) <GET https://www.adforum.com/talent/81794151-rob-collignon> (referer: https://www.adforum.com/find/loadmore?idx=people&l=100&p=3&worktitle=creative%20director&location=city:New%20York,country:&o=_score%7Cdesc&rtpl=people.list.search)
2024-03-18 14:55:19 [scrapy.core.engine] DEBUG: Crawled (200) <GET https://www.adforum.com/talent/81793196-steve-nathans> (referer: https://www.adforum.com/find/loadmore?idx=people&l=100&p=3&worktitle=creative%20director&location=city:New%20York,country:&o=_score%7Cdesc&rtpl=people.list.search)
2024-03-18 14:55:19 [scrapy.core.engine] DEBUG: Crawled (200) <GET https://www.adforum.com/talent/81793379-dave-cuccinello> (referer: https://www.adforum.com/find/loadmore?idx=people&l=100&p=3&worktitle=creative%20director&location=city:New%20York,country:&o=_score%7Cdesc&rtpl=people.list.search)
2024-03-18 14:55:19 [scrapy.core.engine] DEBUG: Crawled (200) <GET https://www.adforum.com/talent/81793576-marcus-eriksson> (referer: https://www.adforum.com/find/loadmore?idx=people&l=100&p=3&worktitle=creative%20director&location=city:New%20York,country:&o=_score%7Cdesc&rtpl=people.list.search)
2024-03-18 14:55:19 [scrapy.core.engine] DEBUG: Crawled (200) <GET https://www.adforum.com/talent/81802086-daniel-brown> (referer: https://www.adforum.com/find/loadmore?idx=people&l=100&p=3&worktitle=creative%20director&location=city:New%20York,country:&o=_score%7Cdesc&rtpl=people.list.search)
2024-03-18 14:55:19 [scrapy.core.engine] DEBUG: Crawled (200) <GET https://www.adforum.com/talent/81801970-craig-loveshayne-millington> (referer: https://www.adforum.com/find/loadmore?idx=people&l=100&p=3&worktitle=creative%20director&location=city:New%20York,country:&o=_score%7Cdesc&rtpl=people.list.search)
2024-03-18 14:55:19 [scrapy.core.engine] DEBUG: Crawled (200) <GET https://www.adforum.com/talent/81801723-howard-finkelstein> (referer: https://www.adforum.com/find/loadmore?idx=people&l=100&p=3&worktitle=creative%20director&location=city:New%20York,country:&o=_score%7Cdesc&rtpl=people.list.search)
2024-03-18 14:55:19 [scrapy.core.engine] DEBUG: Crawled (200) <GET https://www.adforum.com/talent/81797364-michael-bengtsson> (referer: https://www.adforum.com/find/loadmore?idx=people&l=100&p=3&worktitle=creative%20director&location=city:New%20York,country:&o=_score%7Cdesc&rtpl=people.list.search)
2024-03-18 14:55:21 [scrapy.core.engine] DEBUG: Crawled (200) <GET https://www.adforum.com/talent/46757-john-colquhoun> (referer: https://www.adforum.com/find/loadmore?idx=people&l=100&p=3&worktitle=creative%20director&location=city:New%20York,country:&o=_score%7Cdesc&rtpl=people.list.search)
2024-03-18 14:55:21 [scrapy.core.engine] DEBUG: Crawled (200) <GET https://www.adforum.com/talent/81796892-kirsten-moore-gantz> (referer: https://www.adforum.com/find/loadmore?idx=people&l=100&p=3&worktitle=creative%20director&location=city:New%20York,country:&o=_score%7Cdesc&rtpl=people.list.search)
2024-03-18 14:55:21 [scrapy.core.engine] DEBUG: Crawled (200) <GET https://www.adforum.com/talent/40780-mike-boulia> (referer: https://www.adforum.com/find/loadmore?idx=people&l=100&p=3&worktitle=creative%20director&location=city:New%20York,country:&o=_score%7Cdesc&rtpl=people.list.search)
2024-03-18 14:55:22 [scrapy.core.engine] DEBUG: Crawled (200) <GET https://www.adforum.com/talent/47008-joe-johnson> (referer: https://www.adforum.com/find/loadmore?idx=people&l=100&p=3&worktitle=creative%20director&location=city:New%20York,country:&o=_score%7Cdesc&rtpl=people.list.search)
2024-03-18 14:55:22 [scrapy.core.engine] DEBUG: Crawled (200) <GET https://www.adforum.com/talent/41118-aaron-eiseman> (referer: https://www.adforum.com/find/loadmore?idx=people&l=100&p=3&worktitle=creative%20director&location=city:New%20York,country:&o=_score%7Cdesc&rtpl=people.list.search)
2024-03-18 14:55:23 [scrapy.core.engine] DEBUG: Crawled (200) <GET https://www.adforum.com/talent/47325-yana-goodstein> (referer: https://www.adforum.com/find/loadmore?idx=people&l=100&p=3&worktitle=creative%20director&location=city:New%20York,country:&o=_score%7Cdesc&rtpl=people.list.search)
2024-03-18 14:55:23 [scrapy.core.engine] DEBUG: Crawled (200) <GET https://www.adforum.com/talent/81786449-daniel-kim> (referer: https://www.adforum.com/find/loadmore?idx=people&l=100&p=3&worktitle=creative%20director&location=city:New%20York,country:&o=_score%7Cdesc&rtpl=people.list.search)
2024-03-18 14:55:23 [scrapy.core.engine] DEBUG: Crawled (200) <GET https://www.adforum.com/talent/81784138-jackie-anzaldi> (referer: https://www.adforum.com/find/loadmore?idx=people&l=100&p=3&worktitle=creative%20director&location=city:New%20York,country:&o=_score%7Cdesc&rtpl=people.list.search)
2024-03-18 14:55:23 [scrapy.core.engine] DEBUG: Crawled (200) <GET https://www.adforum.com/talent/82210088-marcelo-ramirez> (referer: https://www.adforum.com/find/loadmore?idx=people&l=100&p=3&worktitle=creative%20director&location=city:New%20York,country:&o=_score%7Cdesc&rtpl=people.list.search)
2024-03-18 14:55:24 [scrapy.core.engine] DEBUG: Crawled (200) <GET https://www.adforum.com/talent/39978-stephen-hersh> (referer: https://www.adforum.com/find/loadmore?idx=people&l=100&p=3&worktitle=creative%20director&location=city:New%20York,country:&o=_score%7Cdesc&rtpl=people.list.search)
2024-03-18 14:55:24 [scrapy.core.engine] DEBUG: Crawled (200) <GET https://www.adforum.com/talent/43804-richard-wallace> (referer: https://www.adforum.com/find/loadmore?idx=people&l=100&p=3&worktitle=creative%20director&location=city:New%20York,country:&o=_score%7Cdesc&rtpl=people.list.search)
2024-03-18 14:55:24 [scrapy.core.engine] DEBUG: Crawled (200) <GET https://www.adforum.com/talent/81783154-armando-samuels> (referer: https://www.adforum.com/find/loadmore?idx=people&l=100&p=3&worktitle=creative%20director&location=city:New%20York,country:&o=_score%7Cdesc&rtpl=people.list.search)
2024-03-18 14:55:25 [scrapy.core.engine] DEBUG: Crawled (200) <GET https://www.adforum.com/talent/15714-elise-douglas> (referer: https://www.adforum.com/find/loadmore?idx=people&l=100&p=3&worktitle=creative%20director&location=city:New%20York,country:&o=_score%7Cdesc&rtpl=people.list.search)
2024-03-18 14:55:25 [scrapy.core.engine] DEBUG: Crawled (200) <GET https://www.adforum.com/talent/20547-patrick-carella> (referer: https://www.adforum.com/find/loadmore?idx=people&l=100&p=3&worktitle=creative%20director&location=city:New%20York,country:&o=_score%7Cdesc&rtpl=people.list.search)
2024-03-18 14:55:25 [scrapy.core.engine] DEBUG: Crawled (200) <GET https://www.adforum.com/talent/19519-marc-lucas> (referer: https://www.adforum.com/find/loadmore?idx=people&l=100&p=3&worktitle=creative%20director&location=city:New%20York,country:&o=_score%7Cdesc&rtpl=people.list.search)
2024-03-18 14:55:26 [scrapy.core.engine] DEBUG: Crawled (200) <GET https://www.adforum.com/talent/18509-simon-chandler> (referer: https://www.adforum.com/find/loadmore?idx=people&l=100&p=3&worktitle=creative%20director&location=city:New%20York,country:&o=_score%7Cdesc&rtpl=people.list.search)
2024-03-18 14:55:26 [scrapy.core.engine] DEBUG: Crawled (200) <GET https://www.adforum.com/talent/17734-rodolfo-hernandez> (referer: https://www.adforum.com/find/loadmore?idx=people&l=100&p=3&worktitle=creative%20director&location=city:New%20York,country:&o=_score%7Cdesc&rtpl=people.list.search)
2024-03-18 14:55:26 [scrapy.core.engine] DEBUG: Crawled (200) <GET https://www.adforum.com/talent/20484-tom-kraemer> (referer: https://www.adforum.com/find/loadmore?idx=people&l=100&p=3&worktitle=creative%20director&location=city:New%20York,country:&o=_score%7Cdesc&rtpl=people.list.search)
2024-03-18 14:55:27 [scrapy.core.engine] DEBUG: Crawled (200) <GET https://www.adforum.com/talent/15377-bob-cox> (referer: https://www.adforum.com/find/loadmore?idx=people&l=100&p=3&worktitle=creative%20director&location=city:New%20York,country:&o=_score%7Cdesc&rtpl=people.list.search)
2024-03-18 14:55:27 [scrapy.core.engine] DEBUG: Crawled (200) <GET https://www.adforum.com/talent/20162-ed-han> (referer: https://www.adforum.com/find/loadmore?idx=people&l=100&p=3&worktitle=creative%20director&location=city:New%20York,country:&o=_score%7Cdesc&rtpl=people.list.search)
2024-03-18 14:55:27 [scrapy.core.engine] DEBUG: Crawled (200) <GET https://www.adforum.com/talent/20530-ty-montague> (referer: https://www.adforum.com/find/loadmore?idx=people&l=100&p=3&worktitle=creative%20director&location=city:New%20York,country:&o=_score%7Cdesc&rtpl=people.list.search)
2024-03-18 14:55:28 [scrapy.core.engine] DEBUG: Crawled (200) <GET https://www.adforum.com/talent/23563-ken-wieden> (referer: https://www.adforum.com/find/loadmore?idx=people&l=100&p=3&worktitle=creative%20director&location=city:New%20York,country:&o=_score%7Cdesc&rtpl=people.list.search)
2024-03-18 14:55:28 [scrapy.core.engine] DEBUG: Crawled (200) <GET https://www.adforum.com/talent/82330179-fred-aramis> (referer: https://www.adforum.com/find/loadmore?idx=people&l=100&p=3&worktitle=creative%20director&location=city:New%20York,country:&o=_score%7Cdesc&rtpl=people.list.search)
2024-03-18 14:55:29 [scrapy.core.engine] DEBUG: Crawled (200) <GET https://www.adforum.com/talent/81802584-nickolaus-sugai> (referer: https://www.adforum.com/find/loadmore?idx=people&l=100&p=3&worktitle=creative%20director&location=city:New%20York,country:&o=_score%7Cdesc&rtpl=people.list.search)
2024-03-18 14:55:29 [scrapy.core.engine] DEBUG: Crawled (200) <GET https://www.adforum.com/talent/81804319-marcos-lawson> (referer: https://www.adforum.com/find/loadmore?idx=people&l=100&p=3&worktitle=creative%20director&location=city:New%20York,country:&o=_score%7Cdesc&rtpl=people.list.search)
2024-03-18 14:55:30 [scrapy.core.engine] DEBUG: Crawled (200) <GET https://www.adforum.com/talent/81811167-julie-beasley> (referer: https://www.adforum.com/find/loadmore?idx=people&l=100&p=3&worktitle=creative%20director&location=city:New%20York,country:&o=_score%7Cdesc&rtpl=people.list.search)
2024-03-18 14:55:30 [scrapy.core.engine] DEBUG: Crawled (200) <GET https://www.adforum.com/talent/81803140-geoff-proud> (referer: https://www.adforum.com/find/loadmore?idx=people&l=100&p=3&worktitle=creative%20director&location=city:New%20York,country:&o=_score%7Cdesc&rtpl=people.list.search)
2024-03-18 14:55:30 [scrapy.core.engine] DEBUG: Crawled (200) <GET https://www.adforum.com/talent/81803943-jonas-andersson> (referer: https://www.adforum.com/find/loadmore?idx=people&l=100&p=3&worktitle=creative%20director&location=city:New%20York,country:&o=_score%7Cdesc&rtpl=people.list.search)
2024-03-18 14:55:30 [scrapy.core.engine] DEBUG: Crawled (200) <GET https://www.adforum.com/talent/81790828-devon-hong> (referer: https://www.adforum.com/find/loadmore?idx=people&l=100&p=3&worktitle=creative%20director&location=city:New%20York,country:&o=_score%7Cdesc&rtpl=people.list.search)
2024-03-18 14:55:31 [scrapy.core.engine] DEBUG: Crawled (200) <GET https://www.adforum.com/talent/81804737-akos-papp> (referer: https://www.adforum.com/find/loadmore?idx=people&l=100&p=3&worktitle=creative%20director&location=city:New%20York,country:&o=_score%7Cdesc&rtpl=people.list.search)
2024-03-18 14:55:31 [scrapy.core.engine] DEBUG: Crawled (200) <GET https://www.adforum.com/talent/81802964-jeremy-lamin> (referer: https://www.adforum.com/find/loadmore?idx=people&l=100&p=3&worktitle=creative%20director&location=city:New%20York,country:&o=_score%7Cdesc&rtpl=people.list.search)
2024-03-18 14:55:31 [scrapy.core.engine] DEBUG: Crawled (200) <GET https://www.adforum.com/talent/81816294-garth-horn> (referer: https://www.adforum.com/find/loadmore?idx=people&l=100&p=3&worktitle=creative%20director&location=city:New%20York,country:&o=_score%7Cdesc&rtpl=people.list.search)
2024-03-18 14:55:31 [scrapy.core.engine] DEBUG: Crawled (200) <GET https://www.adforum.com/talent/81813214-stacey-lieberman-prince> (referer: https://www.adforum.com/find/loadmore?idx=people&l=100&p=3&worktitle=creative%20director&location=city:New%20York,country:&o=_score%7Cdesc&rtpl=people.list.search)
2024-03-18 14:55:31 [scrapy.core.engine] DEBUG: Crawled (200) <GET https://www.adforum.com/talent/81816698-jan-rudin> (referer: https://www.adforum.com/find/loadmore?idx=people&l=100&p=3&worktitle=creative%20director&location=city:New%20York,country:&o=_score%7Cdesc&rtpl=people.list.search)
2024-03-18 14:55:31 [scrapy.core.engine] DEBUG: Crawled (200) <GET https://www.adforum.com/talent/36155-lilian-baksalevowicz> (referer: https://www.adforum.com/find/loadmore?idx=people&l=100&p=3&worktitle=creative%20director&location=city:New%20York,country:&o=_score%7Cdesc&rtpl=people.list.search)
2024-03-18 14:55:32 [scrapy.crawler] INFO: Received SIGINT, shutting down gracefully. Send again to force 
2024-03-18 14:55:32 [scrapy.core.engine] INFO: Closing spider (shutdown)
